      923	INFO      	Log	XnLog.cpp	346	New log started on 2013-06-11 13:15:18
      977	INFO      	Log	XnLog.cpp	350	OpenNI version is 1.5.4 (Build 0)-Linux-x86 (May 16 2012 10:24:55)
      993	INFO      	Log	XnLog.cpp	319	--- Filter Info --- Minimum Severity: VERBOSE
     1101	VERBOSE   	ModuleLoader	XnModuleLoader.cpp	451	Found exported production node. Script: OpenNI/OpenNI/1.5.4.0
     1416	VERBOSE   	ModuleLoader	XnModuleLoader.cpp	280	Checking /usr/lib/libXnDeviceSensorV2KM.so...
     3060	VERBOSE   	ModuleLoader	XnModuleLoader.cpp	451	Found exported production node. Device: PrimeSense/SensorKinect/5.1.2.1
     3143	VERBOSE   	ModuleLoader	XnModuleLoader.cpp	451	Found exported production node. Depth: PrimeSense/SensorKinect/5.1.2.1
     3185	VERBOSE   	ModuleLoader	XnModuleLoader.cpp	451	Found exported production node. Image: PrimeSense/SensorKinect/5.1.2.1
     3220	VERBOSE   	ModuleLoader	XnModuleLoader.cpp	451	Found exported production node. IR: PrimeSense/SensorKinect/5.1.2.1
     3256	VERBOSE   	ModuleLoader	XnModuleLoader.cpp	451	Found exported production node. Audio: PrimeSense/SensorKinect/5.1.2.1
     3291	VERBOSE   	ModuleLoader	XnModuleLoader.cpp	280	Checking /usr/lib/libnimMockNodes.so...
     3581	VERBOSE   	ModuleLoader	XnModuleLoader.cpp	451	Found exported production node. ProductionNode: OpenNI/Mock/1.5.4.0
     3652	VERBOSE   	ModuleLoader	XnModuleLoader.cpp	451	Found exported production node. Generator: OpenNI/Mock/1.5.4.0
     3692	VERBOSE   	ModuleLoader	XnModuleLoader.cpp	451	Found exported production node. MapGenerator: OpenNI/Mock/1.5.4.0
     3736	VERBOSE   	ModuleLoader	XnModuleLoader.cpp	451	Found exported production node. Device: OpenNI/Mock/1.5.4.0
     3769	VERBOSE   	ModuleLoader	XnModuleLoader.cpp	451	Found exported production node. Depth: OpenNI/Mock/1.5.4.0
     3798	VERBOSE   	ModuleLoader	XnModuleLoader.cpp	451	Found exported production node. IR: OpenNI/Mock/1.5.4.0
     3830	VERBOSE   	ModuleLoader	XnModuleLoader.cpp	451	Found exported production node. Image: OpenNI/Mock/1.5.4.0
     3857	VERBOSE   	ModuleLoader	XnModuleLoader.cpp	451	Found exported production node. Audio: OpenNI/Mock/1.5.4.0
     3883	VERBOSE   	ModuleLoader	XnModuleLoader.cpp	280	Checking /usr/lib/libnimCodecs.so...
     4157	VERBOSE   	ModuleLoader	XnModuleLoader.cpp	451	Found exported production node. Codec: OpenNI/16zP/1.5.4.0
     4224	VERBOSE   	ModuleLoader	XnModuleLoader.cpp	451	Found exported production node. Codec: OpenNI/16zT/1.5.4.0
     4280	VERBOSE   	ModuleLoader	XnModuleLoader.cpp	451	Found exported production node. Codec: OpenNI/Im8z/1.5.4.0
     4314	VERBOSE   	ModuleLoader	XnModuleLoader.cpp	451	Found exported production node. Codec: OpenNI/JPEG/1.5.4.0
     4354	VERBOSE   	ModuleLoader	XnModuleLoader.cpp	451	Found exported production node. Codec: OpenNI/NONE/1.5.4.0
     4396	VERBOSE   	ModuleLoader	XnModuleLoader.cpp	280	Checking /usr/lib/libnimRecorder.so...
     4572	VERBOSE   	ModuleLoader	XnModuleLoader.cpp	451	Found exported production node. Recorder: OpenNI/Recorder/1.5.4.0
     4611	VERBOSE   	ModuleLoader	XnModuleLoader.cpp	451	Found exported production node. Player: OpenNI/Player/1.5.4.0
     4642	VERBOSE   	ModuleLoader	XnModuleLoader.cpp	280	Checking /usr/lib/libXnDeviceSensorV2.so...
     5281	VERBOSE   	ModuleLoader	XnModuleLoader.cpp	451	Found exported production node. Device: PrimeSense/SensorV2/5.1.2.1
     5338	VERBOSE   	ModuleLoader	XnModuleLoader.cpp	451	Found exported production node. Depth: PrimeSense/SensorV2/5.1.2.1
     5371	VERBOSE   	ModuleLoader	XnModuleLoader.cpp	451	Found exported production node. Image: PrimeSense/SensorV2/5.1.2.1
     5404	VERBOSE   	ModuleLoader	XnModuleLoader.cpp	451	Found exported production node. IR: PrimeSense/SensorV2/5.1.2.1
     5435	VERBOSE   	ModuleLoader	XnModuleLoader.cpp	451	Found exported production node. Audio: PrimeSense/SensorV2/5.1.2.1
     5468	VERBOSE   	ModuleLoader	XnModuleLoader.cpp	280	Checking /usr/lib/libXnDeviceFile.so...
     5792	VERBOSE   	ModuleLoader	XnModuleLoader.cpp	451	Found exported production node. Player: PrimeSense/File/5.1.2.1
     5848	VERBOSE   	ModuleLoader	XnModuleLoader.cpp	280	Checking /usr/lib/libXnVFeatures_1_3_0.so...
     6914	VERBOSE   	ModuleLoader	XnModuleLoader.cpp	451	Found exported production node. Scene: PrimeSense/XnVSceneAnalyzer/1.3.0.17
     7007	VERBOSE   	ModuleLoader	XnModuleLoader.cpp	451	Found exported production node. User: PrimeSense/XnVSkeletonGenerator/1.3.0.17
     7042	VERBOSE   	ModuleLoader	XnModuleLoader.cpp	280	Checking /usr/lib/libXnVFeatures_1_3_1.so...
     7991	VERBOSE   	ModuleLoader	XnModuleLoader.cpp	451	Found exported production node. Scene: PrimeSense/XnVSceneAnalyzer/1.3.1.8
     8062	VERBOSE   	ModuleLoader	XnModuleLoader.cpp	451	Found exported production node. User: PrimeSense/XnVSkeletonGenerator/1.3.1.8
     8133	VERBOSE   	ModuleLoader	XnModuleLoader.cpp	280	Checking /usr/lib/libXnVFeatures_1_4_1.so...
     8894	VERBOSE   	ModuleLoader	XnModuleLoader.cpp	451	Found exported production node. Scene: PrimeSense/XnVSceneAnalyzer/1.4.1.2
     8948	VERBOSE   	ModuleLoader	XnModuleLoader.cpp	451	Found exported production node. User: PrimeSense/XnVSkeletonGenerator/1.4.1.2
     8986	VERBOSE   	ModuleLoader	XnModuleLoader.cpp	280	Checking /usr/lib/libXnVFeatures_1_4_2.so...
     9992	VERBOSE   	ModuleLoader	XnModuleLoader.cpp	451	Found exported production node. Scene: PrimeSense/XnVSceneAnalyzer/1.4.2.5
    10086	VERBOSE   	ModuleLoader	XnModuleLoader.cpp	451	Found exported production node. User: PrimeSense/XnVSkeletonGenerator/1.4.2.5
    10166	VERBOSE   	ModuleLoader	XnModuleLoader.cpp	280	Checking /usr/lib/libXnVFeatures_1_5_2.so...
    12361	VERBOSE   	ModuleLoader	XnModuleLoader.cpp	451	Found exported production node. Scene: PrimeSense/XnVSceneAnalyzer/1.5.2.21
    12436	VERBOSE   	ModuleLoader	XnModuleLoader.cpp	451	Found exported production node. User: PrimeSense/XnVSkeletonGenerator/1.5.2.21
    12483	VERBOSE   	ModuleLoader	XnModuleLoader.cpp	280	Checking /usr/lib/libXnVHandGenerator_1_3_0.so...
    13069	VERBOSE   	ModuleLoader	XnModuleLoader.cpp	451	Found exported production node. Gesture: PrimeSense/XnVGestureGenrator/1.3.0.17
    13115	VERBOSE   	ModuleLoader	XnModuleLoader.cpp	451	Found exported production node. Hands: PrimeSense/XnVHandTracker/1.3.0.17
    13146	VERBOSE   	ModuleLoader	XnModuleLoader.cpp	280	Checking /usr/lib/libXnVHandGenerator_1_3_1.so...
    13674	VERBOSE   	ModuleLoader	XnModuleLoader.cpp	451	Found exported production node. Gesture: PrimeSense/XnVGestureGenrator/1.3.1.8
    13717	VERBOSE   	ModuleLoader	XnModuleLoader.cpp	451	Found exported production node. Hands: PrimeSense/XnVHandTracker/1.3.1.8
    13745	VERBOSE   	ModuleLoader	XnModuleLoader.cpp	280	Checking /usr/lib/libXnVHandGenerator_1_4_1.so...
    14167	VERBOSE   	ModuleLoader	XnModuleLoader.cpp	451	Found exported production node. Gesture: PrimeSense/XnVGestureGenrator/1.4.1.2
    14206	VERBOSE   	ModuleLoader	XnModuleLoader.cpp	451	Found exported production node. Hands: PrimeSense/XnVHandTracker/1.4.1.2
    14235	VERBOSE   	ModuleLoader	XnModuleLoader.cpp	280	Checking /usr/lib/libXnVHandGenerator_1_4_2.so...
    14704	VERBOSE   	ModuleLoader	XnModuleLoader.cpp	451	Found exported production node. Gesture: PrimeSense/XnVGestureGenrator/1.4.2.5
    14748	VERBOSE   	ModuleLoader	XnModuleLoader.cpp	451	Found exported production node. Hands: PrimeSense/XnVHandTracker/1.4.2.5
    14775	VERBOSE   	ModuleLoader	XnModuleLoader.cpp	280	Checking /usr/lib/libXnVHandGenerator_1_5_2.so...
    15249	VERBOSE   	ModuleLoader	XnModuleLoader.cpp	451	Found exported production node. Gesture: PrimeSense/XnVGestureGenerator/1.5.2.21
    15305	VERBOSE   	ModuleLoader	XnModuleLoader.cpp	451	Found exported production node. Hands: PrimeSense/XnVHandTracker/1.5.2.21
    15471	INFO      	OpenNI	XnOpenNI.cpp	1608	Creating node 'Script1' of type Script: OpenNI/OpenNI/1.5.4.0...
    15675	VERBOSE   	OpenNI	XnXmlScriptNode.cpp	762	Requested to create a node of type Depth...
    15740	VERBOSE   	xnUSB	XnUSBLinux.cpp	107	Initializing USB...
    15903	INFO      	xnUSB	XnUSBLinux.cpp	121	USB is initialized.
    31479	INFO      	OpenNI	XnOpenNI.cpp	1608	Creating node 'Device1' of type Device: PrimeSense/SensorKinect/5.1.2.1...
   753608	INFO      	DDK	XnProperty.cpp	144	Property Device.ShareMode was changed to 1.
   753689	INFO      	DDK	XnProperty.cpp	144	Property Device.ShareMode was changed to 0.
   753827	INFO      	OpenNI	XnOpenNI.cpp	1608	Creating node 'Depth1' of type Depth: PrimeSense/SensorKinect/5.1.2.1...
   753860	VERBOSE   	SensorClient	XnSensorClient.cpp	268	Creating stream Depth1 (of type Depth)
   755608	INFO      	DDK	XnProperty.cpp	144	Property Device.ReadData was changed to 1.
   770025	INFO      	DDK	XnDeviceBase.cpp	1342	Creating stream 'Depth1' of type 'Depth'...
   770126	VERBOSE   	DDK	XnDeviceBase.cpp	1378	Initializing stream 'Depth1'...
   770230	INFO      	DDK	XnProperty.cpp	144	Property Depth1.RequiredDataSize was changed to 1228800.
   771945	INFO      	DDK	XnProperty.cpp	144	Property Depth1.OutputFormat was changed to 1.
   771991	INFO      	DDK	XnDeviceBase.cpp	1417	Stream 'Depth1' was initialized.
   772006	INFO      	DDK	XnDeviceBase.cpp	1422	'Depth1' stream was created.
   772230	VERBOSE   	SensorClient	XnSensorClient.cpp	391	Getting property Depth1.SupportedModes from server...
   772790	VERBOSE   	SensorServer	XnSensorClient.cpp	433	Setting Depth1.Mirror to 1...
   773028	INFO      	DDK	XnProperty.cpp	144	Property Depth1.Mirror was changed to 1.
   773281	VERBOSE   	DDK	XnDeviceBase.cpp	330	Opening stream Depth1...
   774802	INFO      	DDK	XnProperty.cpp	144	Property Depth1.ActualReadData was changed to 1.
   862408	INFO      	DDK	XnProperty.cpp	144	Property Depth1.State was changed to 1.
   862499	INFO      	DDK	XnDeviceBase.cpp	341	Stream Depth1 is open.
  1025039	VERBOSE   	FPS	XnOpenNI.cpp	877	[FPS] Depth1 (I:  0.00, O:  0.00) ReadCalls:  0.00
  2028489	VERBOSE   	FPS	XnOpenNI.cpp	877	[FPS] Depth1 (I:  0.00, O:  0.00) ReadCalls:  0.00
  3028681	VERBOSE   	FPS	XnOpenNI.cpp	877	[FPS] Depth1 (I: 30.42, O:  0.00) ReadCalls:  0.00
  4028773	VERBOSE   	FPS	XnOpenNI.cpp	877	[FPS] Depth1 (I: 30.32, O:  0.00) ReadCalls:  0.00
  5028683	VERBOSE   	FPS	XnOpenNI.cpp	877	[FPS] Depth1 (I: 30.33, O:  0.00) ReadCalls:  0.00
  6032505	VERBOSE   	FPS	XnOpenNI.cpp	877	[FPS] Depth1 (I: 30.28, O:  0.00) ReadCalls:  0.00
  7000601	VERBOSE   	FPS	XnOpenNI.cpp	877	[FPS] Depth1 (I: 30.28, O:  0.00) ReadCalls:  0.00
  8000472	VERBOSE   	FPS	XnOpenNI.cpp	877	[FPS] Depth1 (I: 30.28, O:  0.00) ReadCalls:  0.00
  9000769	VERBOSE   	FPS	XnOpenNI.cpp	877	[FPS] Depth1 (I: 30.32, O:  0.00) ReadCalls:  0.00
 10000908	VERBOSE   	FPS	XnOpenNI.cpp	877	[FPS] Depth1 (I: 30.32, O:  0.00) ReadCalls:  0.00
 11004305	VERBOSE   	FPS	XnOpenNI.cpp	877	[FPS] Depth1 (I: 30.29, O:  0.00) ReadCalls:  0.00
 12004564	VERBOSE   	FPS	XnOpenNI.cpp	877	[FPS] Depth1 (I: 30.28, O:  0.00) ReadCalls:  0.00
 13004728	VERBOSE   	FPS	XnOpenNI.cpp	877	[FPS] Depth1 (I: 30.32, O:  0.00) ReadCalls:  0.00
 14004752	VERBOSE   	FPS	XnOpenNI.cpp	877	[FPS] Depth1 (I: 30.32, O:  0.00) ReadCalls:  0.00
 15008506	VERBOSE   	FPS	XnOpenNI.cpp	877	[FPS] Depth1 (I: 30.28, O:  0.00) ReadCalls:  0.00
 16008610	VERBOSE   	FPS	XnOpenNI.cpp	877	[FPS] Depth1 (I: 30.32, O:  0.00) ReadCalls:  0.00
 17008655	VERBOSE   	FPS	XnOpenNI.cpp	877	[FPS] Depth1 (I: 30.32, O:  0.00) ReadCalls:  0.00
 18012577	VERBOSE   	FPS	XnOpenNI.cpp	877	[FPS] Depth1 (I: 30.29, O:  0.00) ReadCalls:  0.00
 19012585	VERBOSE   	FPS	XnOpenNI.cpp	877	[FPS] Depth1 (I: 30.28, O:  0.00) ReadCalls:  0.00
 20012548	VERBOSE   	FPS	XnOpenNI.cpp	877	[FPS] Depth1 (I: 30.32, O:  0.00) ReadCalls:  0.00
 21012817	VERBOSE   	FPS	XnOpenNI.cpp	877	[FPS] Depth1 (I: 30.32, O:  0.00) ReadCalls:  0.00
 22016555	VERBOSE   	FPS	XnOpenNI.cpp	877	[FPS] Depth1 (I: 30.28, O:  0.00) ReadCalls:  0.00
 23016403	VERBOSE   	FPS	XnOpenNI.cpp	877	[FPS] Depth1 (I: 30.29, O:  0.00) ReadCalls:  0.00
 24016580	VERBOSE   	FPS	XnOpenNI.cpp	877	[FPS] Depth1 (I: 30.32, O:  0.00) ReadCalls:  0.00
 25016788	VERBOSE   	FPS	XnOpenNI.cpp	877	[FPS] Depth1 (I: 30.32, O:  0.00) ReadCalls:  0.00
 26020317	VERBOSE   	FPS	XnOpenNI.cpp	877	[FPS] Depth1 (I: 30.29, O:  0.00) ReadCalls:  0.00
 27020408	VERBOSE   	FPS	XnOpenNI.cpp	877	[FPS] Depth1 (I: 30.33, O:  0.00) ReadCalls:  0.00
 28020562	VERBOSE   	FPS	XnOpenNI.cpp	877	[FPS] Depth1 (I: 30.32, O:  0.00) ReadCalls:  0.00
 29024442	VERBOSE   	FPS	XnOpenNI.cpp	877	[FPS] Depth1 (I: 30.28, O:  0.00) ReadCalls:  0.00
 30024255	VERBOSE   	FPS	XnOpenNI.cpp	877	[FPS] Depth1 (I: 30.29, O:  0.00) ReadCalls:  0.00
 31024393	VERBOSE   	FPS	XnOpenNI.cpp	877	[FPS] Depth1 (I: 30.32, O:  0.00) ReadCalls:  0.00
 32024563	VERBOSE   	FPS	XnOpenNI.cpp	877	[FPS] Depth1 (I: 30.32, O:  0.00) ReadCalls:  0.00
 33028544	VERBOSE   	FPS	XnOpenNI.cpp	877	[FPS] Depth1 (I: 30.28, O:  0.00) ReadCalls:  0.00
 34028409	VERBOSE   	FPS	XnOpenNI.cpp	877	[FPS] Depth1 (I: 30.29, O:  0.00) ReadCalls:  0.00
 35028541	VERBOSE   	FPS	XnOpenNI.cpp	877	[FPS] Depth1 (I: 30.32, O:  0.00) ReadCalls:  0.00
 36028548	VERBOSE   	FPS	XnOpenNI.cpp	877	[FPS] Depth1 (I: 30.32, O:  0.00) ReadCalls:  0.00
 37032283	VERBOSE   	FPS	XnOpenNI.cpp	877	[FPS] Depth1 (I: 30.29, O:  0.00) ReadCalls:  0.00
 38000438	VERBOSE   	FPS	XnOpenNI.cpp	877	[FPS] Depth1 (I: 30.28, O:  0.00) ReadCalls:  0.00
 39000302	VERBOSE   	FPS	XnOpenNI.cpp	877	[FPS] Depth1 (I: 30.28, O:  0.00) ReadCalls:  0.00
 40000477	VERBOSE   	FPS	XnOpenNI.cpp	877	[FPS] Depth1 (I: 30.32, O:  0.00) ReadCalls:  0.00
 41000482	VERBOSE   	FPS	XnOpenNI.cpp	877	[FPS] Depth1 (I: 30.32, O:  0.00) ReadCalls:  0.00
 42004262	VERBOSE   	FPS	XnOpenNI.cpp	877	[FPS] Depth1 (I: 30.29, O:  0.00) ReadCalls:  0.00
 43004297	VERBOSE   	FPS	XnOpenNI.cpp	877	[FPS] Depth1 (I: 30.33, O:  0.00) ReadCalls:  0.00
 44004394	VERBOSE   	FPS	XnOpenNI.cpp	877	[FPS] Depth1 (I: 30.32, O:  0.00) ReadCalls:  0.00
 45008606	VERBOSE   	FPS	XnOpenNI.cpp	877	[FPS] Depth1 (I: 30.28, O:  0.00) ReadCalls:  0.00
 46008235	VERBOSE   	FPS	XnOpenNI.cpp	877	[FPS] Depth1 (I: 30.28, O:  0.00) ReadCalls:  0.00
 47008292	VERBOSE   	FPS	XnOpenNI.cpp	877	[FPS] Depth1 (I: 30.32, O:  0.00) ReadCalls:  0.00
 48008613	VERBOSE   	FPS	XnOpenNI.cpp	877	[FPS] Depth1 (I: 30.32, O:  0.00) ReadCalls:  0.00
 49012231	VERBOSE   	FPS	XnOpenNI.cpp	877	[FPS] Depth1 (I: 30.29, O:  0.00) ReadCalls:  0.00
 50012157	VERBOSE   	FPS	XnOpenNI.cpp	877	[FPS] Depth1 (I: 30.29, O:  0.00) ReadCalls:  0.00
 51012327	VERBOSE   	FPS	XnOpenNI.cpp	877	[FPS] Depth1 (I: 30.32, O:  0.00) ReadCalls:  0.00
 52012631	VERBOSE   	FPS	XnOpenNI.cpp	877	[FPS] Depth1 (I: 30.32, O:  0.00) ReadCalls:  0.00
 53016152	VERBOSE   	FPS	XnOpenNI.cpp	877	[FPS] Depth1 (I: 30.29, O:  0.00) ReadCalls:  0.00
 54016303	VERBOSE   	FPS	XnOpenNI.cpp	877	[FPS] Depth1 (I: 30.32, O:  0.00) ReadCalls:  0.00
 55016301	VERBOSE   	FPS	XnOpenNI.cpp	877	[FPS] Depth1 (I: 30.32, O:  0.00) ReadCalls:  0.00
 56020069	VERBOSE   	FPS	XnOpenNI.cpp	877	[FPS] Depth1 (I: 30.29, O:  0.00) ReadCalls:  0.00
 57020095	VERBOSE   	FPS	XnOpenNI.cpp	877	[FPS] Depth1 (I: 30.29, O:  0.00) ReadCalls:  0.00
 58020218	VERBOSE   	FPS	XnOpenNI.cpp	877	[FPS] Depth1 (I: 30.32, O:  0.00) ReadCalls:  0.00
 59020224	VERBOSE   	FPS	XnOpenNI.cpp	877	[FPS] Depth1 (I: 30.33, O:  0.00) ReadCalls:  0.00
 60024143	VERBOSE   	FPS	XnOpenNI.cpp	877	[FPS] Depth1 (I: 30.29, O:  0.00) ReadCalls:  0.00
 61024397	VERBOSE   	FPS	XnOpenNI.cpp	877	[FPS] Depth1 (I: 30.28, O:  0.00) ReadCalls:  0.00
 62024498	VERBOSE   	FPS	XnOpenNI.cpp	877	[FPS] Depth1 (I: 30.32, O:  0.00) ReadCalls:  0.00
 63024293	VERBOSE   	FPS	XnOpenNI.cpp	877	[FPS] Depth1 (I: 30.32, O:  0.00) ReadCalls:  0.00
 64028186	VERBOSE   	FPS	XnOpenNI.cpp	877	[FPS] Depth1 (I: 30.28, O:  0.00) ReadCalls:  0.00
 65028431	VERBOSE   	FPS	XnOpenNI.cpp	877	[FPS] Depth1 (I: 30.32, O:  0.00) ReadCalls:  0.00
 66028295	VERBOSE   	FPS	XnOpenNI.cpp	877	[FPS] Depth1 (I: 30.32, O:  0.00) ReadCalls:  0.00
 67031982	VERBOSE   	FPS	XnOpenNI.cpp	877	[FPS] Depth1 (I: 30.29, O:  0.00) ReadCalls:  0.00
 68032268	VERBOSE   	FPS	XnOpenNI.cpp	877	[FPS] Depth1 (I: 30.28, O:  0.00) ReadCalls:  0.00
 69000039	VERBOSE   	FPS	XnOpenNI.cpp	877	[FPS] Depth1 (I: 30.29, O:  0.00) ReadCalls:  0.00
 70000077	VERBOSE   	FPS	XnOpenNI.cpp	877	[FPS] Depth1 (I: 30.32, O:  0.00) ReadCalls:  0.00
 71000392	VERBOSE   	FPS	XnOpenNI.cpp	877	[FPS] Depth1 (I: 30.32, O:  0.00) ReadCalls:  0.00
 72004068	VERBOSE   	FPS	XnOpenNI.cpp	877	[FPS] Depth1 (I: 30.28, O:  0.00) ReadCalls:  0.00
 73004008	VERBOSE   	FPS	XnOpenNI.cpp	877	[FPS] Depth1 (I: 30.28, O:  0.00) ReadCalls:  0.00
 74004160	VERBOSE   	FPS	XnOpenNI.cpp	877	[FPS] Depth1 (I: 30.32, O:  0.00) ReadCalls:  0.00
 75004184	VERBOSE   	FPS	XnOpenNI.cpp	877	[FPS] Depth1 (I: 30.32, O:  0.00) ReadCalls:  0.00
 76007939	VERBOSE   	FPS	XnOpenNI.cpp	877	[FPS] Depth1 (I: 30.29, O:  0.00) ReadCalls:  0.00
 77008049	VERBOSE   	FPS	XnOpenNI.cpp	877	[FPS] Depth1 (I: 30.29, O:  0.00) ReadCalls:  0.00
 78008198	VERBOSE   	FPS	XnOpenNI.cpp	877	[FPS] Depth1 (I: 30.32, O:  0.00) ReadCalls:  0.00
 79008064	VERBOSE   	FPS	XnOpenNI.cpp	877	[FPS] Depth1 (I: 30.32, O:  0.00) ReadCalls:  0.00
 80012001	VERBOSE   	FPS	XnOpenNI.cpp	877	[FPS] Depth1 (I: 30.28, O:  0.00) ReadCalls:  0.00
 81011939	VERBOSE   	FPS	XnOpenNI.cpp	877	[FPS] Depth1 (I: 30.33, O:  0.00) ReadCalls:  0.00
 82012481	VERBOSE   	FPS	XnOpenNI.cpp	877	[FPS] Depth1 (I: 30.32, O:  0.00) ReadCalls:  0.00
 83016057	VERBOSE   	FPS	XnOpenNI.cpp	877	[FPS] Depth1 (I: 30.28, O:  0.00) ReadCalls:  0.00
 84015968	VERBOSE   	FPS	XnOpenNI.cpp	877	[FPS] Depth1 (I: 30.28, O:  0.00) ReadCalls:  0.00
 85016644	VERBOSE   	FPS	XnOpenNI.cpp	877	[FPS] Depth1 (I: 30.32, O:  0.00) ReadCalls:  0.00
 86016440	VERBOSE   	FPS	XnOpenNI.cpp	877	[FPS] Depth1 (I: 30.32, O:  0.00) ReadCalls:  0.00
 87019860	VERBOSE   	FPS	XnOpenNI.cpp	877	[FPS] Depth1 (I: 30.28, O:  0.00) ReadCalls:  0.00
 88019993	VERBOSE   	FPS	XnOpenNI.cpp	877	[FPS] Depth1 (I: 30.28, O:  0.00) ReadCalls:  0.00
 89020009	VERBOSE   	FPS	XnOpenNI.cpp	877	[FPS] Depth1 (I: 30.32, O:  0.00) ReadCalls:  0.00
 90020189	VERBOSE   	FPS	XnOpenNI.cpp	877	[FPS] Depth1 (I: 30.32, O:  0.00) ReadCalls:  0.00
 91024167	VERBOSE   	FPS	XnOpenNI.cpp	877	[FPS] Depth1 (I: 30.28, O:  0.00) ReadCalls:  0.00
 92024943	VERBOSE   	FPS	XnOpenNI.cpp	877	[FPS] Depth1 (I: 30.32, O:  0.00) ReadCalls:  0.00
 93023913	VERBOSE   	FPS	XnOpenNI.cpp	877	[FPS] Depth1 (I: 30.32, O:  0.00) ReadCalls:  0.00
 94027870	VERBOSE   	FPS	XnOpenNI.cpp	877	[FPS] Depth1 (I: 30.28, O:  0.00) ReadCalls:  0.00
 95028025	VERBOSE   	FPS	XnOpenNI.cpp	877	[FPS] Depth1 (I: 30.28, O:  0.00) ReadCalls:  0.00
 96027887	VERBOSE   	FPS	XnOpenNI.cpp	877	[FPS] Depth1 (I: 30.32, O:  0.00) ReadCalls:  0.00
 97027832	VERBOSE   	FPS	XnOpenNI.cpp	877	[FPS] Depth1 (I: 30.33, O:  0.00) ReadCalls:  0.00
 98032145	VERBOSE   	FPS	XnOpenNI.cpp	877	[FPS] Depth1 (I: 30.28, O:  0.00) ReadCalls:  0.00
 99031847	VERBOSE   	FPS	XnOpenNI.cpp	877	[FPS] Depth1 (I: 30.28, O:  0.00) ReadCalls:  0.00
100031902	VERBOSE   	FPS	XnOpenNI.cpp	877	[FPS] Depth1 (I: 30.32, O:  0.00) ReadCalls:  0.00
101032005	VERBOSE   	FPS	XnOpenNI.cpp	877	[FPS] Depth1 (I: 30.32, O:  0.00) ReadCalls:  0.00
102000044	VERBOSE   	FPS	XnOpenNI.cpp	877	[FPS] Depth1 (I: 30.32, O:  0.00) ReadCalls:  0.00
103003789	VERBOSE   	FPS	XnOpenNI.cpp	877	[FPS] Depth1 (I: 30.28, O:  0.00) ReadCalls:  0.00
104003858	VERBOSE   	FPS	XnOpenNI.cpp	877	[FPS] Depth1 (I: 30.28, O:  0.00) ReadCalls:  0.00
105003822	VERBOSE   	FPS	XnOpenNI.cpp	877	[FPS] Depth1 (I: 30.33, O:  0.00) ReadCalls:  0.00
106003985	VERBOSE   	FPS	XnOpenNI.cpp	877	[FPS] Depth1 (I: 30.32, O:  0.00) ReadCalls:  0.00
107008105	VERBOSE   	FPS	XnOpenNI.cpp	877	[FPS] Depth1 (I: 30.28, O:  0.00) ReadCalls:  0.00
108008126	VERBOSE   	FPS	XnOpenNI.cpp	877	[FPS] Depth1 (I: 30.32, O:  0.00) ReadCalls:  0.00
109007880	VERBOSE   	FPS	XnOpenNI.cpp	877	[FPS] Depth1 (I: 30.32, O:  0.00) ReadCalls:  0.00
110011805	VERBOSE   	FPS	XnOpenNI.cpp	877	[FPS] Depth1 (I: 30.28, O:  0.00) ReadCalls:  0.00
111012039	VERBOSE   	FPS	XnOpenNI.cpp	877	[FPS] Depth1 (I: 30.28, O:  0.00) ReadCalls:  0.00
112011770	VERBOSE   	FPS	XnOpenNI.cpp	877	[FPS] Depth1 (I: 30.32, O:  0.00) ReadCalls:  0.00
113011840	VERBOSE   	FPS	XnOpenNI.cpp	877	[FPS] Depth1 (I: 30.32, O:  0.00) ReadCalls:  0.00
114015739	VERBOSE   	FPS	XnOpenNI.cpp	877	[FPS] Depth1 (I: 30.28, O:  0.00) ReadCalls:  0.00
115015832	VERBOSE   	FPS	XnOpenNI.cpp	877	[FPS] Depth1 (I: 30.28, O:  0.00) ReadCalls:  0.00
116015797	VERBOSE   	FPS	XnOpenNI.cpp	877	[FPS] Depth1 (I: 30.32, O:  0.00) ReadCalls:  0.00
117015810	VERBOSE   	FPS	XnOpenNI.cpp	877	[FPS] Depth1 (I: 30.32, O:  0.00) ReadCalls:  0.00
118019639	VERBOSE   	FPS	XnOpenNI.cpp	877	[FPS] Depth1 (I: 30.28, O:  0.00) ReadCalls:  0.00
119019916	VERBOSE   	FPS	XnOpenNI.cpp	877	[FPS] Depth1 (I: 30.32, O:  0.00) ReadCalls:  0.00
120019831	VERBOSE   	FPS	XnOpenNI.cpp	877	[FPS] Depth1 (I: 30.32, O:  0.00) ReadCalls:  0.00
121023625	VERBOSE   	FPS	XnOpenNI.cpp	877	[FPS] Depth1 (I: 30.28, O:  0.00) ReadCalls:  0.00
122023625	VERBOSE   	FPS	XnOpenNI.cpp	877	[FPS] Depth1 (I: 30.29, O:  0.00) ReadCalls:  0.00
123023709	VERBOSE   	FPS	XnOpenNI.cpp	877	[FPS] Depth1 (I: 30.32, O:  0.00) ReadCalls:  0.00
124023965	VERBOSE   	FPS	XnOpenNI.cpp	877	[FPS] Depth1 (I: 30.32, O:  0.00) ReadCalls:  0.00
125027670	VERBOSE   	FPS	XnOpenNI.cpp	877	[FPS] Depth1 (I: 30.28, O:  0.00) ReadCalls:  0.00
126028040	VERBOSE   	FPS	XnOpenNI.cpp	877	[FPS] Depth1 (I: 30.28, O:  0.00) ReadCalls:  0.00
127027847	VERBOSE   	FPS	XnOpenNI.cpp	877	[FPS] Depth1 (I: 30.32, O:  0.00) ReadCalls:  0.00
128027646	VERBOSE   	FPS	XnOpenNI.cpp	877	[FPS] Depth1 (I: 30.32, O:  0.00) ReadCalls:  0.00
129031897	VERBOSE   	FPS	XnOpenNI.cpp	877	[FPS] Depth1 (I: 30.28, O:  0.00) ReadCalls:  0.00
130031625	VERBOSE   	FPS	XnOpenNI.cpp	877	[FPS] Depth1 (I: 30.28, O:  0.00) ReadCalls:  0.00
131031851	VERBOSE   	FPS	XnOpenNI.cpp	877	[FPS] Depth1 (I: 30.32, O:  0.00) ReadCalls:  0.00
132035497	VERBOSE   	FPS	XnOpenNI.cpp	877	[FPS] Depth1 (I: 30.29, O:  0.00) ReadCalls:  0.00
133035773	VERBOSE   	FPS	XnOpenNI.cpp	877	[FPS] Depth1 (I: 30.28, O:  0.00) ReadCalls:  0.00
134003721	VERBOSE   	FPS	XnOpenNI.cpp	877	[FPS] Depth1 (I: 30.28, O:  0.00) ReadCalls:  0.00
135003871	VERBOSE   	FPS	XnOpenNI.cpp	877	[FPS] Depth1 (I: 30.32, O:  0.00) ReadCalls:  0.00
136004071	VERBOSE   	FPS	XnOpenNI.cpp	877	[FPS] Depth1 (I: 30.32, O:  0.00) ReadCalls:  0.00
137007467	VERBOSE   	FPS	XnOpenNI.cpp	877	[FPS] Depth1 (I: 30.29, O:  0.00) ReadCalls:  0.00
138007562	VERBOSE   	FPS	XnOpenNI.cpp	877	[FPS] Depth1 (I: 30.28, O:  0.00) ReadCalls:  0.00
139007767	VERBOSE   	FPS	XnOpenNI.cpp	877	[FPS] Depth1 (I: 30.32, O:  0.00) ReadCalls:  0.00
140007697	VERBOSE   	FPS	XnOpenNI.cpp	877	[FPS] Depth1 (I: 30.32, O:  0.00) ReadCalls:  0.00
141011444	VERBOSE   	FPS	XnOpenNI.cpp	877	[FPS] Depth1 (I: 30.29, O:  0.00) ReadCalls:  0.00
142012160	VERBOSE   	FPS	XnOpenNI.cpp	877	[FPS] Depth1 (I: 30.28, O:  0.00) ReadCalls:  0.00
143011640	VERBOSE   	FPS	XnOpenNI.cpp	877	[FPS] Depth1 (I: 30.32, O:  0.00) ReadCalls:  0.00
144011899	VERBOSE   	FPS	XnOpenNI.cpp	877	[FPS] Depth1 (I: 30.32, O:  0.00) ReadCalls:  0.00
145015494	VERBOSE   	FPS	XnOpenNI.cpp	877	[FPS] Depth1 (I: 30.29, O:  0.00) ReadCalls:  0.00
146015467	VERBOSE   	FPS	XnOpenNI.cpp	877	[FPS] Depth1 (I: 30.29, O:  0.00) ReadCalls:  0.00
147016074	VERBOSE   	FPS	XnOpenNI.cpp	877	[FPS] Depth1 (I: 30.32, O:  0.00) ReadCalls:  0.00
148019597	VERBOSE   	FPS	XnOpenNI.cpp	877	[FPS] Depth1 (I: 30.28, O:  0.00) ReadCalls:  0.00
149019597	VERBOSE   	FPS	XnOpenNI.cpp	877	[FPS] Depth1 (I: 30.28, O:  0.00) ReadCalls:  0.00
150019692	VERBOSE   	FPS	XnOpenNI.cpp	877	[FPS] Depth1 (I: 30.32, O:  0.00) ReadCalls:  0.00
151019644	VERBOSE   	FPS	XnOpenNI.cpp	877	[FPS] Depth1 (I: 30.32, O:  0.00) ReadCalls:  0.00
152023492	VERBOSE   	FPS	XnOpenNI.cpp	877	[FPS] Depth1 (I: 30.28, O:  0.00) ReadCalls:  0.00
153023781	VERBOSE   	FPS	XnOpenNI.cpp	877	[FPS] Depth1 (I: 30.28, O:  0.00) ReadCalls:  0.00
154023590	VERBOSE   	FPS	XnOpenNI.cpp	877	[FPS] Depth1 (I: 30.32, O:  0.00) ReadCalls:  0.00
155023523	VERBOSE   	FPS	XnOpenNI.cpp	877	[FPS] Depth1 (I: 30.32, O:  0.00) ReadCalls:  0.00
156027482	VERBOSE   	FPS	XnOpenNI.cpp	877	[FPS] Depth1 (I: 30.28, O:  0.00) ReadCalls:  0.00
157027545	VERBOSE   	FPS	XnOpenNI.cpp	877	[FPS] Depth1 (I: 30.28, O:  0.00) ReadCalls:  0.00
158027866	VERBOSE   	FPS	XnOpenNI.cpp	877	[FPS] Depth1 (I: 30.32, O:  0.00) ReadCalls:  0.00
159027768	VERBOSE   	FPS	XnOpenNI.cpp	877	[FPS] Depth1 (I: 30.32, O:  0.00) ReadCalls:  0.00
160031384	VERBOSE   	FPS	XnOpenNI.cpp	877	[FPS] Depth1 (I: 30.29, O:  0.00) ReadCalls:  0.00
161031582	VERBOSE   	FPS	XnOpenNI.cpp	877	[FPS] Depth1 (I: 30.32, O:  0.00) ReadCalls:  0.00
162031806	VERBOSE   	FPS	XnOpenNI.cpp	877	[FPS] Depth1 (I: 30.32, O:  0.00) ReadCalls:  0.00
163035350	VERBOSE   	FPS	XnOpenNI.cpp	877	[FPS] Depth1 (I: 30.28, O:  0.00) ReadCalls:  0.00
164003392	VERBOSE   	FPS	XnOpenNI.cpp	877	[FPS] Depth1 (I: 30.28, O:  0.00) ReadCalls:  0.00
165003612	VERBOSE   	FPS	XnOpenNI.cpp	877	[FPS] Depth1 (I: 30.28, O:  0.00) ReadCalls:  0.00
166003564	VERBOSE   	FPS	XnOpenNI.cpp	877	[FPS] Depth1 (I: 30.32, O:  0.00) ReadCalls:  0.00
167003599	VERBOSE   	FPS	XnOpenNI.cpp	877	[FPS] Depth1 (I: 30.32, O:  0.00) ReadCalls:  0.00
168007730	VERBOSE   	FPS	XnOpenNI.cpp	877	[FPS] Depth1 (I: 30.28, O:  0.00) ReadCalls:  0.00
169007298	VERBOSE   	FPS	XnOpenNI.cpp	877	[FPS] Depth1 (I: 30.29, O:  0.00) ReadCalls:  0.00
170007718	VERBOSE   	FPS	XnOpenNI.cpp	877	[FPS] Depth1 (I: 30.32, O:  0.00) ReadCalls:  0.00
171008072	VERBOSE   	FPS	XnOpenNI.cpp	877	[FPS] Depth1 (I: 30.32, O:  0.00) ReadCalls:  0.00
172011456	VERBOSE   	FPS	XnOpenNI.cpp	877	[FPS] Depth1 (I: 30.28, O:  0.00) ReadCalls:  0.00
173011443	VERBOSE   	FPS	XnOpenNI.cpp	877	[FPS] Depth1 (I: 30.28, O:  0.00) ReadCalls:  0.00
174011585	VERBOSE   	FPS	XnOpenNI.cpp	877	[FPS] Depth1 (I: 30.32, O:  0.00) ReadCalls:  0.00
175011641	VERBOSE   	FPS	XnOpenNI.cpp	877	[FPS] Depth1 (I: 30.32, O:  0.00) ReadCalls:  0.00
176015243	VERBOSE   	FPS	XnOpenNI.cpp	877	[FPS] Depth1 (I: 30.29, O:  0.00) ReadCalls:  0.00
177015321	VERBOSE   	FPS	XnOpenNI.cpp	877	[FPS] Depth1 (I: 30.32, O:  0.00) ReadCalls:  0.00
178015452	VERBOSE   	FPS	XnOpenNI.cpp	877	[FPS] Depth1 (I: 30.33, O:  0.00) ReadCalls:  0.00
179019297	VERBOSE   	FPS	XnOpenNI.cpp	877	[FPS] Depth1 (I: 30.28, O:  0.00) ReadCalls:  0.00
180019360	VERBOSE   	FPS	XnOpenNI.cpp	877	[FPS] Depth1 (I: 30.29, O:  0.00) ReadCalls:  0.00
181019311	VERBOSE   	FPS	XnOpenNI.cpp	877	[FPS] Depth1 (I: 30.32, O:  0.00) ReadCalls:  0.00
182019445	VERBOSE   	FPS	XnOpenNI.cpp	877	[FPS] Depth1 (I: 30.32, O:  0.00) ReadCalls:  0.00
183023259	VERBOSE   	FPS	XnOpenNI.cpp	877	[FPS] Depth1 (I: 30.28, O:  0.00) ReadCalls:  0.00
184023455	VERBOSE   	FPS	XnOpenNI.cpp	877	[FPS] Depth1 (I: 30.28, O:  0.00) ReadCalls:  0.00
185023398	VERBOSE   	FPS	XnOpenNI.cpp	877	[FPS] Depth1 (I: 30.32, O:  0.00) ReadCalls:  0.00
186023522	VERBOSE   	FPS	XnOpenNI.cpp	877	[FPS] Depth1 (I: 30.32, O:  0.00) ReadCalls:  0.00
187027362	VERBOSE   	FPS	XnOpenNI.cpp	877	[FPS] Depth1 (I: 30.28, O:  0.00) ReadCalls:  0.00
188027293	VERBOSE   	FPS	XnOpenNI.cpp	877	[FPS] Depth1 (I: 30.32, O:  0.00) ReadCalls:  0.00
189027429	VERBOSE   	FPS	XnOpenNI.cpp	877	[FPS] Depth1 (I: 30.32, O:  0.00) ReadCalls:  0.00
190031246	VERBOSE   	FPS	XnOpenNI.cpp	877	[FPS] Depth1 (I: 30.28, O:  0.00) ReadCalls:  0.00
191031186	VERBOSE   	FPS	XnOpenNI.cpp	877	[FPS] Depth1 (I: 30.29, O:  0.00) ReadCalls:  0.00
192031329	VERBOSE   	FPS	XnOpenNI.cpp	877	[FPS] Depth1 (I: 30.32, O:  0.00) ReadCalls:  0.00
193031286	VERBOSE   	FPS	XnOpenNI.cpp	877	[FPS] Depth1 (I: 30.32, O:  0.00) ReadCalls:  0.00
194035228	VERBOSE   	FPS	XnOpenNI.cpp	877	[FPS] Depth1 (I: 30.29, O:  0.00) ReadCalls:  0.00
195003907	VERBOSE   	FPS	XnOpenNI.cpp	877	[FPS] Depth1 (I: 30.28, O:  0.00) ReadCalls:  0.00
196003326	VERBOSE   	FPS	XnOpenNI.cpp	877	[FPS] Depth1 (I: 30.28, O:  0.00) ReadCalls:  0.00
197003702	VERBOSE   	FPS	XnOpenNI.cpp	877	[FPS] Depth1 (I: 30.32, O:  0.00) ReadCalls:  0.00
198003287	VERBOSE   	FPS	XnOpenNI.cpp	877	[FPS] Depth1 (I: 30.32, O:  0.00) ReadCalls:  0.00
199007110	VERBOSE   	FPS	XnOpenNI.cpp	877	[FPS] Depth1 (I: 30.28, O:  0.00) ReadCalls:  0.00
200007233	VERBOSE   	FPS	XnOpenNI.cpp	877	[FPS] Depth1 (I: 30.28, O:  0.00) ReadCalls:  0.00
201007443	VERBOSE   	FPS	XnOpenNI.cpp	877	[FPS] Depth1 (I: 30.32, O:  0.00) ReadCalls:  0.00
202007315	VERBOSE   	FPS	XnOpenNI.cpp	877	[FPS] Depth1 (I: 30.32, O:  0.00) ReadCalls:  0.00
203011069	VERBOSE   	FPS	XnOpenNI.cpp	877	[FPS] Depth1 (I: 30.29, O:  0.00) ReadCalls:  0.00
204011210	VERBOSE   	FPS	XnOpenNI.cpp	877	[FPS] Depth1 (I: 30.33, O:  0.00) ReadCalls:  0.00
205011264	VERBOSE   	FPS	XnOpenNI.cpp	877	[FPS] Depth1 (I: 30.32, O:  0.00) ReadCalls:  0.00
206015144	VERBOSE   	FPS	XnOpenNI.cpp	877	[FPS] Depth1 (I: 30.28, O:  0.00) ReadCalls:  0.00
207015565	VERBOSE   	FPS	XnOpenNI.cpp	877	[FPS] Depth1 (I: 30.28, O:  0.00) ReadCalls:  0.00
208015130	VERBOSE   	FPS	XnOpenNI.cpp	877	[FPS] Depth1 (I: 30.32, O:  0.00) ReadCalls:  0.00
209015312	VERBOSE   	FPS	XnOpenNI.cpp	877	[FPS] Depth1 (I: 30.32, O:  0.00) ReadCalls:  0.00
210019120	VERBOSE   	FPS	XnOpenNI.cpp	877	[FPS] Depth1 (I: 30.29, O:  0.00) ReadCalls:  0.00
211019121	VERBOSE   	FPS	XnOpenNI.cpp	877	[FPS] Depth1 (I: 30.28, O:  0.00) ReadCalls:  0.00
212019378	VERBOSE   	FPS	XnOpenNI.cpp	877	[FPS] Depth1 (I: 30.32, O:  0.00) ReadCalls:  0.00
213019542	VERBOSE   	FPS	XnOpenNI.cpp	877	[FPS] Depth1 (I: 30.32, O:  0.00) ReadCalls:  0.00
214023018	VERBOSE   	FPS	XnOpenNI.cpp	877	[FPS] Depth1 (I: 30.28, O:  0.00) ReadCalls:  0.00
215023190	VERBOSE   	FPS	XnOpenNI.cpp	877	[FPS] Depth1 (I: 30.32, O:  0.00) ReadCalls:  0.00
216023216	VERBOSE   	FPS	XnOpenNI.cpp	877	[FPS] Depth1 (I: 30.32, O:  0.00) ReadCalls:  0.00
217027612	VERBOSE   	FPS	XnOpenNI.cpp	877	[FPS] Depth1 (I: 30.28, O:  0.00) ReadCalls:  0.00
218027034	VERBOSE   	FPS	XnOpenNI.cpp	877	[FPS] Depth1 (I: 30.29, O:  0.00) ReadCalls:  0.00
219027083	VERBOSE   	FPS	XnOpenNI.cpp	877	[FPS] Depth1 (I: 30.32, O:  0.00) ReadCalls:  0.00
220027077	VERBOSE   	FPS	XnOpenNI.cpp	877	[FPS] Depth1 (I: 30.32, O:  0.00) ReadCalls:  0.00
221030880	VERBOSE   	FPS	XnOpenNI.cpp	877	[FPS] Depth1 (I: 30.29, O:  0.00) ReadCalls:  0.00
222031005	VERBOSE   	FPS	XnOpenNI.cpp	877	[FPS] Depth1 (I: 30.28, O:  0.00) ReadCalls:  0.00
223031347	VERBOSE   	FPS	XnOpenNI.cpp	877	[FPS] Depth1 (I: 30.32, O:  0.00) ReadCalls:  0.00
224031032	VERBOSE   	FPS	XnOpenNI.cpp	877	[FPS] Depth1 (I: 30.32, O:  0.00) ReadCalls:  0.00
225034902	VERBOSE   	FPS	XnOpenNI.cpp	877	[FPS] Depth1 (I: 30.29, O:  0.00) ReadCalls:  0.00
226003338	VERBOSE   	FPS	XnOpenNI.cpp	877	[FPS] Depth1 (I: 30.28, O:  0.00) ReadCalls:  0.00
227003031	VERBOSE   	FPS	XnOpenNI.cpp	877	[FPS] Depth1 (I: 30.28, O:  0.00) ReadCalls:  0.00
228002970	VERBOSE   	FPS	XnOpenNI.cpp	877	[FPS] Depth1 (I: 30.32, O:  0.00) ReadCalls:  0.00
229003216	VERBOSE   	FPS	XnOpenNI.cpp	877	[FPS] Depth1 (I: 30.32, O:  0.00) ReadCalls:  0.00
230006955	VERBOSE   	FPS	XnOpenNI.cpp	877	[FPS] Depth1 (I: 30.29, O:  0.00) ReadCalls:  0.00
231007021	VERBOSE   	FPS	XnOpenNI.cpp	877	[FPS] Depth1 (I: 30.32, O:  0.00) ReadCalls:  0.00
232007348	VERBOSE   	FPS	XnOpenNI.cpp	877	[FPS] Depth1 (I: 30.32, O:  0.00) ReadCalls:  0.00
233010885	VERBOSE   	FPS	XnOpenNI.cpp	877	[FPS] Depth1 (I: 30.28, O:  0.00) ReadCalls:  0.00
234010973	VERBOSE   	FPS	XnOpenNI.cpp	877	[FPS] Depth1 (I: 30.29, O:  0.00) ReadCalls:  0.00
235011247	VERBOSE   	FPS	XnOpenNI.cpp	877	[FPS] Depth1 (I: 30.32, O:  0.00) ReadCalls:  0.00
236010809	VERBOSE   	FPS	XnOpenNI.cpp	877	[FPS] Depth1 (I: 30.32, O:  0.00) ReadCalls:  0.00
237014829	VERBOSE   	FPS	XnOpenNI.cpp	877	[FPS] Depth1 (I: 30.29, O:  0.00) ReadCalls:  0.00
238014970	VERBOSE   	FPS	XnOpenNI.cpp	877	[FPS] Depth1 (I: 30.29, O:  0.00) ReadCalls:  0.00
239014860	VERBOSE   	FPS	XnOpenNI.cpp	877	[FPS] Depth1 (I: 30.32, O:  0.00) ReadCalls:  0.00
240015188	VERBOSE   	FPS	XnOpenNI.cpp	877	[FPS] Depth1 (I: 30.32, O:  0.00) ReadCalls:  0.00
241019124	VERBOSE   	FPS	XnOpenNI.cpp	877	[FPS] Depth1 (I: 30.29, O:  0.00) ReadCalls:  0.00
242018930	VERBOSE   	FPS	XnOpenNI.cpp	877	[FPS] Depth1 (I: 30.32, O:  0.00) ReadCalls:  0.00
243019322	VERBOSE   	FPS	XnOpenNI.cpp	877	[FPS] Depth1 (I: 30.32, O:  0.00) ReadCalls:  0.00
244022892	VERBOSE   	FPS	XnOpenNI.cpp	877	[FPS] Depth1 (I: 30.28, O:  0.00) ReadCalls:  0.00
245022969	VERBOSE   	FPS	XnOpenNI.cpp	877	[FPS] Depth1 (I: 30.28, O:  0.00) ReadCalls:  0.00
246022711	VERBOSE   	FPS	XnOpenNI.cpp	877	[FPS] Depth1 (I: 30.33, O:  0.00) ReadCalls:  0.00
247023235	VERBOSE   	FPS	XnOpenNI.cpp	877	[FPS] Depth1 (I: 30.32, O:  0.00) ReadCalls:  0.00
248027166	VERBOSE   	FPS	XnOpenNI.cpp	877	[FPS] Depth1 (I: 30.28, O:  0.00) ReadCalls:  0.00
249026789	VERBOSE   	FPS	XnOpenNI.cpp	877	[FPS] Depth1 (I: 30.29, O:  0.00) ReadCalls:  0.00
250027047	VERBOSE   	FPS	XnOpenNI.cpp	877	[FPS] Depth1 (I: 30.32, O:  0.00) ReadCalls:  0.00
251026964	VERBOSE   	FPS	XnOpenNI.cpp	877	[FPS] Depth1 (I: 30.32, O:  0.00) ReadCalls:  0.00
252030872	VERBOSE   	FPS	XnOpenNI.cpp	877	[FPS] Depth1 (I: 30.28, O:  0.00) ReadCalls:  0.00
253030923	VERBOSE   	FPS	XnOpenNI.cpp	877	[FPS] Depth1 (I: 30.33, O:  0.00) ReadCalls:  0.00
254030787	VERBOSE   	FPS	XnOpenNI.cpp	877	[FPS] Depth1 (I: 30.32, O:  0.00) ReadCalls:  0.00
255034728	VERBOSE   	FPS	XnOpenNI.cpp	877	[FPS] Depth1 (I: 30.28, O:  0.00) ReadCalls:  0.00
256034972	VERBOSE   	FPS	XnOpenNI.cpp	877	[FPS] Depth1 (I: 30.28, O:  0.00) ReadCalls:  0.00
257003029	VERBOSE   	FPS	XnOpenNI.cpp	877	[FPS] Depth1 (I: 30.28, O:  0.00) ReadCalls:  0.00
258002790	VERBOSE   	FPS	XnOpenNI.cpp	877	[FPS] Depth1 (I: 30.32, O:  0.00) ReadCalls:  0.00
259003059	VERBOSE   	FPS	XnOpenNI.cpp	877	[FPS] Depth1 (I: 30.32, O:  0.00) ReadCalls:  0.00
260006868	VERBOSE   	FPS	XnOpenNI.cpp	877	[FPS] Depth1 (I: 30.29, O:  0.00) ReadCalls:  0.00
261006699	VERBOSE   	FPS	XnOpenNI.cpp	877	[FPS] Depth1 (I: 30.28, O:  0.00) ReadCalls:  0.00
262007099	VERBOSE   	FPS	XnOpenNI.cpp	877	[FPS] Depth1 (I: 30.32, O:  0.00) ReadCalls:  0.00
263007078	VERBOSE   	FPS	XnOpenNI.cpp	877	[FPS] Depth1 (I: 30.32, O:  0.00) ReadCalls:  0.00
264010726	VERBOSE   	FPS	XnOpenNI.cpp	877	[FPS] Depth1 (I: 30.28, O:  0.00) ReadCalls:  0.00
265010697	VERBOSE   	FPS	XnOpenNI.cpp	877	[FPS] Depth1 (I: 30.29, O:  0.00) ReadCalls:  0.00
266011014	VERBOSE   	FPS	XnOpenNI.cpp	877	[FPS] Depth1 (I: 30.32, O:  0.00) ReadCalls:  0.00
267010732	VERBOSE   	FPS	XnOpenNI.cpp	877	[FPS] Depth1 (I: 30.32, O:  0.00) ReadCalls:  0.00
268014786	VERBOSE   	FPS	XnOpenNI.cpp	877	[FPS] Depth1 (I: 30.28, O:  0.00) ReadCalls:  0.00
269014660	VERBOSE   	FPS	XnOpenNI.cpp	877	[FPS] Depth1 (I: 30.33, O:  0.00) ReadCalls:  0.00
270014878	VERBOSE   	FPS	XnOpenNI.cpp	877	[FPS] Depth1 (I: 30.32, O:  0.00) ReadCalls:  0.00
271018711	VERBOSE   	FPS	XnOpenNI.cpp	877	[FPS] Depth1 (I: 30.28, O:  0.00) ReadCalls:  0.00
272018779	VERBOSE   	FPS	XnOpenNI.cpp	877	[FPS] Depth1 (I: 30.28, O:  0.00) ReadCalls:  0.00
273018933	VERBOSE   	FPS	XnOpenNI.cpp	877	[FPS] Depth1 (I: 30.32, O:  0.00) ReadCalls:  0.00
274018981	VERBOSE   	FPS	XnOpenNI.cpp	877	[FPS] Depth1 (I: 30.32, O:  0.00) ReadCalls:  0.00
275022935	VERBOSE   	FPS	XnOpenNI.cpp	877	[FPS] Depth1 (I: 30.28, O:  0.00) ReadCalls:  0.00
276022589	VERBOSE   	FPS	XnOpenNI.cpp	877	[FPS] Depth1 (I: 30.28, O:  0.00) ReadCalls:  0.00
277022747	VERBOSE   	FPS	XnOpenNI.cpp	877	[FPS] Depth1 (I: 30.32, O:  0.00) ReadCalls:  0.00
278022839	VERBOSE   	FPS	XnOpenNI.cpp	877	[FPS] Depth1 (I: 30.32, O:  0.00) ReadCalls:  0.00
279026558	VERBOSE   	FPS	XnOpenNI.cpp	877	[FPS] Depth1 (I: 30.29, O:  0.00) ReadCalls:  0.00
280026718	VERBOSE   	FPS	XnOpenNI.cpp	877	[FPS] Depth1 (I: 30.32, O:  0.00) ReadCalls:  0.00
281026894	VERBOSE   	FPS	XnOpenNI.cpp	877	[FPS] Depth1 (I: 30.32, O:  0.00) ReadCalls:  0.00
282030634	VERBOSE   	FPS	XnOpenNI.cpp	877	[FPS] Depth1 (I: 30.28, O:  0.00) ReadCalls:  0.00
283030786	VERBOSE   	FPS	XnOpenNI.cpp	877	[FPS] Depth1 (I: 30.28, O:  0.00) ReadCalls:  0.00
284030740	VERBOSE   	FPS	XnOpenNI.cpp	877	[FPS] Depth1 (I: 30.32, O:  0.00) ReadCalls:  0.00
285030735	VERBOSE   	FPS	XnOpenNI.cpp	877	[FPS] Depth1 (I: 30.32, O:  0.00) ReadCalls:  0.00
286034644	VERBOSE   	FPS	XnOpenNI.cpp	877	[FPS] Depth1 (I: 30.28, O:  0.00) ReadCalls:  0.00
287002472	VERBOSE   	FPS	XnOpenNI.cpp	877	[FPS] Depth1 (I: 30.28, O:  0.00) ReadCalls:  0.00
288002732	VERBOSE   	FPS	XnOpenNI.cpp	877	[FPS] Depth1 (I: 30.28, O:  0.00) ReadCalls:  0.00
289002834	VERBOSE   	FPS	XnOpenNI.cpp	877	[FPS] Depth1 (I: 30.32, O:  0.00) ReadCalls:  0.00
290002546	VERBOSE   	FPS	XnOpenNI.cpp	877	[FPS] Depth1 (I: 30.32, O:  0.00) ReadCalls:  0.00
291006470	VERBOSE   	FPS	XnOpenNI.cpp	877	[FPS] Depth1 (I: 30.28, O:  0.00) ReadCalls:  0.00
292006601	VERBOSE   	FPS	XnOpenNI.cpp	877	[FPS] Depth1 (I: 30.29, O:  0.00) ReadCalls:  0.00
293006586	VERBOSE   	FPS	XnOpenNI.cpp	877	[FPS] Depth1 (I: 30.32, O:  0.00) ReadCalls:  0.00
294006862	VERBOSE   	FPS	XnOpenNI.cpp	877	[FPS] Depth1 (I: 30.32, O:  0.00) ReadCalls:  0.00
295010692	VERBOSE   	FPS	XnOpenNI.cpp	877	[FPS] Depth1 (I: 30.28, O:  0.00) ReadCalls:  0.00
296010652	VERBOSE   	FPS	XnOpenNI.cpp	877	[FPS] Depth1 (I: 30.32, O:  0.00) ReadCalls:  0.00
297010608	VERBOSE   	FPS	XnOpenNI.cpp	877	[FPS] Depth1 (I: 30.32, O:  0.00) ReadCalls:  0.00
298014429	VERBOSE   	FPS	XnOpenNI.cpp	877	[FPS] Depth1 (I: 30.29, O:  0.00) ReadCalls:  0.00
299014451	VERBOSE   	FPS	XnOpenNI.cpp	877	[FPS] Depth1 (I: 30.28, O:  0.00) ReadCalls:  0.00
300014614	VERBOSE   	FPS	XnOpenNI.cpp	877	[FPS] Depth1 (I: 30.32, O:  0.00) ReadCalls:  0.00
301014713	VERBOSE   	FPS	XnOpenNI.cpp	877	[FPS] Depth1 (I: 30.32, O:  0.00) ReadCalls:  0.00
302018509	VERBOSE   	FPS	XnOpenNI.cpp	877	[FPS] Depth1 (I: 30.28, O:  0.00) ReadCalls:  0.00
303018447	VERBOSE   	FPS	XnOpenNI.cpp	877	[FPS] Depth1 (I: 30.28, O:  0.00) ReadCalls:  0.00
304018678	VERBOSE   	FPS	XnOpenNI.cpp	877	[FPS] Depth1 (I: 30.32, O:  0.00) ReadCalls:  0.00
305018517	VERBOSE   	FPS	XnOpenNI.cpp	877	[FPS] Depth1 (I: 30.32, O:  0.00) ReadCalls:  0.00
306022368	VERBOSE   	FPS	XnOpenNI.cpp	877	[FPS] Depth1 (I: 30.28, O:  0.00) ReadCalls:  0.00
307022437	VERBOSE   	FPS	XnOpenNI.cpp	877	[FPS] Depth1 (I: 30.29, O:  0.00) ReadCalls:  0.00
308022887	VERBOSE   	FPS	XnOpenNI.cpp	877	[FPS] Depth1 (I: 30.32, O:  0.00) ReadCalls:  0.00
309026294	VERBOSE   	FPS	XnOpenNI.cpp	877	[FPS] Depth1 (I: 30.28, O:  0.00) ReadCalls:  0.00
310026686	VERBOSE   	FPS	XnOpenNI.cpp	877	[FPS] Depth1 (I: 30.28, O:  0.00) ReadCalls:  0.00
311026696	VERBOSE   	FPS	XnOpenNI.cpp	877	[FPS] Depth1 (I: 30.32, O:  0.00) ReadCalls:  0.00
312026459	VERBOSE   	FPS	XnOpenNI.cpp	877	[FPS] Depth1 (I: 30.32, O:  0.00) ReadCalls:  0.00
313030349	VERBOSE   	FPS	XnOpenNI.cpp	877	[FPS] Depth1 (I: 30.29, O:  0.00) ReadCalls:  0.00
314030517	VERBOSE   	FPS	XnOpenNI.cpp	877	[FPS] Depth1 (I: 30.28, O:  0.00) ReadCalls:  0.00
315030434	VERBOSE   	FPS	XnOpenNI.cpp	877	[FPS] Depth1 (I: 30.32, O:  0.00) ReadCalls:  0.00
316030866	VERBOSE   	FPS	XnOpenNI.cpp	877	[FPS] Depth1 (I: 30.32, O:  0.00) ReadCalls:  0.00
317034542	VERBOSE   	FPS	XnOpenNI.cpp	877	[FPS] Depth1 (I: 30.28, O:  0.00) ReadCalls:  0.00
318002367	VERBOSE   	FPS	XnOpenNI.cpp	877	[FPS] Depth1 (I: 30.28, O:  0.00) ReadCalls:  0.00
319002565	VERBOSE   	FPS	XnOpenNI.cpp	877	[FPS] Depth1 (I: 30.29, O:  0.00) ReadCalls:  0.00
320002389	VERBOSE   	FPS	XnOpenNI.cpp	877	[FPS] Depth1 (I: 30.32, O:  0.00) ReadCalls:  0.00
321002312	VERBOSE   	FPS	XnOpenNI.cpp	877	[FPS] Depth1 (I: 30.32, O:  0.00) ReadCalls:  0.00
322006252	VERBOSE   	FPS	XnOpenNI.cpp	877	[FPS] Depth1 (I: 30.29, O:  0.00) ReadCalls:  0.00
323006483	VERBOSE   	FPS	XnOpenNI.cpp	877	[FPS] Depth1 (I: 30.29, O:  0.00) ReadCalls:  0.00
324006220	VERBOSE   	FPS	XnOpenNI.cpp	877	[FPS] Depth1 (I: 30.32, O:  0.00) ReadCalls:  0.00
325010184	VERBOSE   	FPS	XnOpenNI.cpp	877	[FPS] Depth1 (I: 30.28, O:  0.00) ReadCalls:  0.00
326010224	VERBOSE   	FPS	XnOpenNI.cpp	877	[FPS] Depth1 (I: 30.29, O:  0.00) ReadCalls:  0.00
327010256	VERBOSE   	FPS	XnOpenNI.cpp	877	[FPS] Depth1 (I: 30.32, O:  0.00) ReadCalls:  0.00
328010438	VERBOSE   	FPS	XnOpenNI.cpp	877	[FPS] Depth1 (I: 30.32, O:  0.00) ReadCalls:  0.00
329014213	VERBOSE   	FPS	XnOpenNI.cpp	877	[FPS] Depth1 (I: 30.29, O:  0.00) ReadCalls:  0.00
330014242	VERBOSE   	FPS	XnOpenNI.cpp	877	[FPS] Depth1 (I: 30.28, O:  0.00) ReadCalls:  0.00
331014221	VERBOSE   	FPS	XnOpenNI.cpp	877	[FPS] Depth1 (I: 30.32, O:  0.00) ReadCalls:  0.00
332014525	VERBOSE   	FPS	XnOpenNI.cpp	877	[FPS] Depth1 (I: 30.33, O:  0.00) ReadCalls:  0.00
333018696	VERBOSE   	FPS	XnOpenNI.cpp	877	[FPS] Depth1 (I: 30.28, O:  0.00) ReadCalls:  0.00
334018243	VERBOSE   	FPS	XnOpenNI.cpp	877	[FPS] Depth1 (I: 30.29, O:  0.00) ReadCalls:  0.00
335018468	VERBOSE   	FPS	XnOpenNI.cpp	877	[FPS] Depth1 (I: 30.32, O:  0.00) ReadCalls:  0.00
336018300	VERBOSE   	FPS	XnOpenNI.cpp	877	[FPS] Depth1 (I: 30.32, O:  0.00) ReadCalls:  0.00
337022136	VERBOSE   	FPS	XnOpenNI.cpp	877	[FPS] Depth1 (I: 30.29, O:  0.00) ReadCalls:  0.00
338022236	VERBOSE   	FPS	XnOpenNI.cpp	877	[FPS] Depth1 (I: 30.32, O:  0.00) ReadCalls:  0.00
339022316	VERBOSE   	FPS	XnOpenNI.cpp	877	[FPS] Depth1 (I: 30.32, O:  0.00) ReadCalls:  0.00
340026111	VERBOSE   	FPS	XnOpenNI.cpp	877	[FPS] Depth1 (I: 30.28, O:  0.00) ReadCalls:  0.00
341026343	VERBOSE   	FPS	XnOpenNI.cpp	877	[FPS] Depth1 (I: 30.28, O:  0.00) ReadCalls:  0.00
342026700	VERBOSE   	FPS	XnOpenNI.cpp	877	[FPS] Depth1 (I: 30.32, O:  0.00) ReadCalls:  0.00
343026713	VERBOSE   	FPS	XnOpenNI.cpp	877	[FPS] Depth1 (I: 30.32, O:  0.00) ReadCalls:  0.00
344030220	VERBOSE   	FPS	XnOpenNI.cpp	877	[FPS] Depth1 (I: 30.28, O:  0.00) ReadCalls:  0.00
345030575	VERBOSE   	FPS	XnOpenNI.cpp	877	[FPS] Depth1 (I: 30.28, O:  0.00) ReadCalls:  0.00
346030284	VERBOSE   	FPS	XnOpenNI.cpp	877	[FPS] Depth1 (I: 30.32, O:  0.00) ReadCalls:  0.00
347030692	VERBOSE   	FPS	XnOpenNI.cpp	877	[FPS] Depth1 (I: 30.32, O:  0.00) ReadCalls:  0.00
348034315	VERBOSE   	FPS	XnOpenNI.cpp	877	[FPS] Depth1 (I: 30.28, O:  0.00) ReadCalls:  0.00
349002091	VERBOSE   	FPS	XnOpenNI.cpp	877	[FPS] Depth1 (I: 30.28, O:  0.00) ReadCalls:  0.00
350002135	VERBOSE   	FPS	XnOpenNI.cpp	877	[FPS] Depth1 (I: 30.29, O:  0.00) ReadCalls:  0.00
351002719	VERBOSE   	FPS	XnOpenNI.cpp	877	[FPS] Depth1 (I: 30.32, O:  0.00) ReadCalls:  0.00
352006029	VERBOSE   	FPS	XnOpenNI.cpp	877	[FPS] Depth1 (I: 30.28, O:  0.00) ReadCalls:  0.00
353006072	VERBOSE   	FPS	XnOpenNI.cpp	877	[FPS] Depth1 (I: 30.28, O:  0.00) ReadCalls:  0.00
354006407	VERBOSE   	FPS	XnOpenNI.cpp	877	[FPS] Depth1 (I: 30.32, O:  0.00) ReadCalls:  0.00
355006339	VERBOSE   	FPS	XnOpenNI.cpp	877	[FPS] Depth1 (I: 30.32, O:  0.00) ReadCalls:  0.00
356010104	VERBOSE   	FPS	XnOpenNI.cpp	877	[FPS] Depth1 (I: 30.28, O:  0.00) ReadCalls:  0.00
357010182	VERBOSE   	FPS	XnOpenNI.cpp	877	[FPS] Depth1 (I: 30.28, O:  0.00) ReadCalls:  0.00
358010062	VERBOSE   	FPS	XnOpenNI.cpp	877	[FPS] Depth1 (I: 30.32, O:  0.00) ReadCalls:  0.00
359010635	VERBOSE   	FPS	XnOpenNI.cpp	877	[FPS] Depth1 (I: 30.32, O:  0.00) ReadCalls:  0.00
360014279	VERBOSE   	FPS	XnOpenNI.cpp	877	[FPS] Depth1 (I: 30.28, O:  0.00) ReadCalls:  0.00
361014240	VERBOSE   	FPS	XnOpenNI.cpp	877	[FPS] Depth1 (I: 30.28, O:  0.00) ReadCalls:  0.00
362014581	VERBOSE   	FPS	XnOpenNI.cpp	877	[FPS] Depth1 (I: 30.32, O:  0.00) ReadCalls:  0.00
363014238	VERBOSE   	FPS	XnOpenNI.cpp	877	[FPS] Depth1 (I: 30.32, O:  0.00) ReadCalls:  0.00
364017959	VERBOSE   	FPS	XnOpenNI.cpp	877	[FPS] Depth1 (I: 30.28, O:  0.00) ReadCalls:  0.00
365018342	VERBOSE   	FPS	XnOpenNI.cpp	877	[FPS] Depth1 (I: 30.32, O:  0.00) ReadCalls:  0.00
366018536	VERBOSE   	FPS	XnOpenNI.cpp	877	[FPS] Depth1 (I: 30.32, O:  0.00) ReadCalls:  0.00
367022030	VERBOSE   	FPS	XnOpenNI.cpp	877	[FPS] Depth1 (I: 30.28, O:  0.00) ReadCalls:  0.00
368022073	VERBOSE   	FPS	XnOpenNI.cpp	877	[FPS] Depth1 (I: 30.28, O:  0.00) ReadCalls:  0.00
369022184	VERBOSE   	FPS	XnOpenNI.cpp	877	[FPS] Depth1 (I: 30.32, O:  0.00) ReadCalls:  0.00
370022028	VERBOSE   	FPS	XnOpenNI.cpp	877	[FPS] Depth1 (I: 30.32, O:  0.00) ReadCalls:  0.00
371025875	VERBOSE   	FPS	XnOpenNI.cpp	877	[FPS] Depth1 (I: 30.29, O:  0.00) ReadCalls:  0.00
372026368	VERBOSE   	FPS	XnOpenNI.cpp	877	[FPS] Depth1 (I: 30.28, O:  0.00) ReadCalls:  0.00
373025988	VERBOSE   	FPS	XnOpenNI.cpp	877	[FPS] Depth1 (I: 30.32, O:  0.00) ReadCalls:  0.00
374026309	VERBOSE   	FPS	XnOpenNI.cpp	877	[FPS] Depth1 (I: 30.32, O:  0.00) ReadCalls:  0.00
375030124	VERBOSE   	FPS	XnOpenNI.cpp	877	[FPS] Depth1 (I: 30.28, O:  0.00) ReadCalls:  0.00
376029954	VERBOSE   	FPS	XnOpenNI.cpp	877	[FPS] Depth1 (I: 30.32, O:  0.00) ReadCalls:  0.00
377030148	VERBOSE   	FPS	XnOpenNI.cpp	877	[FPS] Depth1 (I: 30.32, O:  0.00) ReadCalls:  0.00
378033978	VERBOSE   	FPS	XnOpenNI.cpp	877	[FPS] Depth1 (I: 30.28, O:  0.00) ReadCalls:  0.00
379033881	VERBOSE   	FPS	XnOpenNI.cpp	877	[FPS] Depth1 (I: 30.28, O:  0.00) ReadCalls:  0.00
380001873	VERBOSE   	FPS	XnOpenNI.cpp	877	[FPS] Depth1 (I: 30.29, O:  0.00) ReadCalls:  0.00
381002103	VERBOSE   	FPS	XnOpenNI.cpp	877	[FPS] Depth1 (I: 30.32, O:  0.00) ReadCalls:  0.00
382002100	VERBOSE   	FPS	XnOpenNI.cpp	877	[FPS] Depth1 (I: 30.32, O:  0.00) ReadCalls:  0.00
383005787	VERBOSE   	FPS	XnOpenNI.cpp	877	[FPS] Depth1 (I: 30.29, O:  0.00) ReadCalls:  0.00
384005956	VERBOSE   	FPS	XnOpenNI.cpp	877	[FPS] Depth1 (I: 30.29, O:  0.00) ReadCalls:  0.00
385005900	VERBOSE   	FPS	XnOpenNI.cpp	877	[FPS] Depth1 (I: 30.32, O:  0.00) ReadCalls:  0.00
386006076	VERBOSE   	FPS	XnOpenNI.cpp	877	[FPS] Depth1 (I: 30.32, O:  0.00) ReadCalls:  0.00
387009824	VERBOSE   	FPS	XnOpenNI.cpp	877	[FPS] Depth1 (I: 30.28, O:  0.00) ReadCalls:  0.00
388010088	VERBOSE   	FPS	XnOpenNI.cpp	877	[FPS] Depth1 (I: 30.29, O:  0.00) ReadCalls:  0.00
389009965	VERBOSE   	FPS	XnOpenNI.cpp	877	[FPS] Depth1 (I: 30.32, O:  0.00) ReadCalls:  0.00
390010159	VERBOSE   	FPS	XnOpenNI.cpp	877	[FPS] Depth1 (I: 30.32, O:  0.00) ReadCalls:  0.00
391013927	VERBOSE   	FPS	XnOpenNI.cpp	877	[FPS] Depth1 (I: 30.28, O:  0.00) ReadCalls:  0.00
392014506	VERBOSE   	FPS	XnOpenNI.cpp	877	[FPS] Depth1 (I: 30.32, O:  0.00) ReadCalls:  0.00
393083792	VERBOSE   	FPS	XnOpenNI.cpp	877	[FPS] Depth1 (I: 19.87, O:  0.00) ReadCalls:  0.00
394017878	VERBOSE   	FPS	XnOpenNI.cpp	877	[FPS] Depth1 (I: 30.29, O:  0.00) ReadCalls:  0.00
395837983	VERBOSE   	FPS	XnOpenNI.cpp	877	[FPS] Depth1 (I: 22.15, O:  0.00) ReadCalls:  0.00
396018102	VERBOSE   	FPS	XnOpenNI.cpp	877	[FPS] Depth1 (I: 30.68, O:  0.00) ReadCalls:  0.00
397018069	VERBOSE   	FPS	XnOpenNI.cpp	877	[FPS] Depth1 (I: 76.27, O:  0.00) ReadCalls:  0.00
398021750	VERBOSE   	FPS	XnOpenNI.cpp	877	[FPS] Depth1 (I: 41.24, O:  0.00) ReadCalls:  0.00
