     1445	INFO      	Log	XnLog.cpp	346	New log started on 2013-06-11 12:52:04
     1497	INFO      	Log	XnLog.cpp	350	OpenNI version is 1.5.4 (Build 0)-Linux-x86 (May 16 2012 10:24:55)
     1512	INFO      	Log	XnLog.cpp	319	--- Filter Info --- Minimum Severity: VERBOSE
     1617	VERBOSE   	ModuleLoader	XnModuleLoader.cpp	451	Found exported production node. Script: OpenNI/OpenNI/1.5.4.0
     1974	VERBOSE   	ModuleLoader	XnModuleLoader.cpp	280	Checking /usr/lib/libXnDeviceSensorV2KM.so...
     3266	VERBOSE   	ModuleLoader	XnModuleLoader.cpp	451	Found exported production node. Device: PrimeSense/SensorKinect/5.1.2.1
     3311	VERBOSE   	ModuleLoader	XnModuleLoader.cpp	451	Found exported production node. Depth: PrimeSense/SensorKinect/5.1.2.1
     3349	VERBOSE   	ModuleLoader	XnModuleLoader.cpp	451	Found exported production node. Image: PrimeSense/SensorKinect/5.1.2.1
     3399	VERBOSE   	ModuleLoader	XnModuleLoader.cpp	451	Found exported production node. IR: PrimeSense/SensorKinect/5.1.2.1
     3441	VERBOSE   	ModuleLoader	XnModuleLoader.cpp	451	Found exported production node. Audio: PrimeSense/SensorKinect/5.1.2.1
     3469	VERBOSE   	ModuleLoader	XnModuleLoader.cpp	280	Checking /usr/lib/libnimMockNodes.so...
     3678	VERBOSE   	ModuleLoader	XnModuleLoader.cpp	451	Found exported production node. ProductionNode: OpenNI/Mock/1.5.4.0
     3713	VERBOSE   	ModuleLoader	XnModuleLoader.cpp	451	Found exported production node. Generator: OpenNI/Mock/1.5.4.0
     3742	VERBOSE   	ModuleLoader	XnModuleLoader.cpp	451	Found exported production node. MapGenerator: OpenNI/Mock/1.5.4.0
     3789	VERBOSE   	ModuleLoader	XnModuleLoader.cpp	451	Found exported production node. Device: OpenNI/Mock/1.5.4.0
     3814	VERBOSE   	ModuleLoader	XnModuleLoader.cpp	451	Found exported production node. Depth: OpenNI/Mock/1.5.4.0
     3840	VERBOSE   	ModuleLoader	XnModuleLoader.cpp	451	Found exported production node. IR: OpenNI/Mock/1.5.4.0
     3868	VERBOSE   	ModuleLoader	XnModuleLoader.cpp	451	Found exported production node. Image: OpenNI/Mock/1.5.4.0
     3893	VERBOSE   	ModuleLoader	XnModuleLoader.cpp	451	Found exported production node. Audio: OpenNI/Mock/1.5.4.0
     3927	VERBOSE   	ModuleLoader	XnModuleLoader.cpp	280	Checking /usr/lib/libnimCodecs.so...
     4077	VERBOSE   	ModuleLoader	XnModuleLoader.cpp	451	Found exported production node. Codec: OpenNI/16zP/1.5.4.0
     4114	VERBOSE   	ModuleLoader	XnModuleLoader.cpp	451	Found exported production node. Codec: OpenNI/16zT/1.5.4.0
     4139	VERBOSE   	ModuleLoader	XnModuleLoader.cpp	451	Found exported production node. Codec: OpenNI/Im8z/1.5.4.0
     4172	VERBOSE   	ModuleLoader	XnModuleLoader.cpp	451	Found exported production node. Codec: OpenNI/JPEG/1.5.4.0
     4199	VERBOSE   	ModuleLoader	XnModuleLoader.cpp	451	Found exported production node. Codec: OpenNI/NONE/1.5.4.0
     4222	VERBOSE   	ModuleLoader	XnModuleLoader.cpp	280	Checking /usr/lib/libnimRecorder.so...
     4355	VERBOSE   	ModuleLoader	XnModuleLoader.cpp	451	Found exported production node. Recorder: OpenNI/Recorder/1.5.4.0
     4389	VERBOSE   	ModuleLoader	XnModuleLoader.cpp	451	Found exported production node. Player: OpenNI/Player/1.5.4.0
     4414	VERBOSE   	ModuleLoader	XnModuleLoader.cpp	280	Checking /usr/lib/libXnDeviceSensorV2.so...
     4924	VERBOSE   	ModuleLoader	XnModuleLoader.cpp	451	Found exported production node. Device: PrimeSense/SensorV2/5.1.2.1
     4962	VERBOSE   	ModuleLoader	XnModuleLoader.cpp	451	Found exported production node. Depth: PrimeSense/SensorV2/5.1.2.1
     4993	VERBOSE   	ModuleLoader	XnModuleLoader.cpp	451	Found exported production node. Image: PrimeSense/SensorV2/5.1.2.1
     5020	VERBOSE   	ModuleLoader	XnModuleLoader.cpp	451	Found exported production node. IR: PrimeSense/SensorV2/5.1.2.1
     5054	VERBOSE   	ModuleLoader	XnModuleLoader.cpp	451	Found exported production node. Audio: PrimeSense/SensorV2/5.1.2.1
     5080	VERBOSE   	ModuleLoader	XnModuleLoader.cpp	280	Checking /usr/lib/libXnDeviceFile.so...
     5353	VERBOSE   	ModuleLoader	XnModuleLoader.cpp	451	Found exported production node. Player: PrimeSense/File/5.1.2.1
     5398	VERBOSE   	ModuleLoader	XnModuleLoader.cpp	280	Checking /usr/lib/libXnVFeatures_1_3_0.so...
     6311	VERBOSE   	ModuleLoader	XnModuleLoader.cpp	451	Found exported production node. Scene: PrimeSense/XnVSceneAnalyzer/1.3.0.17
     6376	VERBOSE   	ModuleLoader	XnModuleLoader.cpp	451	Found exported production node. User: PrimeSense/XnVSkeletonGenerator/1.3.0.17
     6426	VERBOSE   	ModuleLoader	XnModuleLoader.cpp	280	Checking /usr/lib/libXnVFeatures_1_3_1.so...
     7223	VERBOSE   	ModuleLoader	XnModuleLoader.cpp	451	Found exported production node. Scene: PrimeSense/XnVSceneAnalyzer/1.3.1.8
     7266	VERBOSE   	ModuleLoader	XnModuleLoader.cpp	451	Found exported production node. User: PrimeSense/XnVSkeletonGenerator/1.3.1.8
     7294	VERBOSE   	ModuleLoader	XnModuleLoader.cpp	280	Checking /usr/lib/libXnVFeatures_1_4_1.so...
     7907	VERBOSE   	ModuleLoader	XnModuleLoader.cpp	451	Found exported production node. Scene: PrimeSense/XnVSceneAnalyzer/1.4.1.2
     7949	VERBOSE   	ModuleLoader	XnModuleLoader.cpp	451	Found exported production node. User: PrimeSense/XnVSkeletonGenerator/1.4.1.2
     7977	VERBOSE   	ModuleLoader	XnModuleLoader.cpp	280	Checking /usr/lib/libXnVFeatures_1_4_2.so...
     8618	VERBOSE   	ModuleLoader	XnModuleLoader.cpp	451	Found exported production node. Scene: PrimeSense/XnVSceneAnalyzer/1.4.2.5
     8659	VERBOSE   	ModuleLoader	XnModuleLoader.cpp	451	Found exported production node. User: PrimeSense/XnVSkeletonGenerator/1.4.2.5
     8688	VERBOSE   	ModuleLoader	XnModuleLoader.cpp	280	Checking /usr/lib/libXnVFeatures_1_5_2.so...
     9699	VERBOSE   	ModuleLoader	XnModuleLoader.cpp	451	Found exported production node. Scene: PrimeSense/XnVSceneAnalyzer/1.5.2.21
     9748	VERBOSE   	ModuleLoader	XnModuleLoader.cpp	451	Found exported production node. User: PrimeSense/XnVSkeletonGenerator/1.5.2.21
     9779	VERBOSE   	ModuleLoader	XnModuleLoader.cpp	280	Checking /usr/lib/libXnVHandGenerator_1_3_0.so...
    10286	VERBOSE   	ModuleLoader	XnModuleLoader.cpp	451	Found exported production node. Gesture: PrimeSense/XnVGestureGenrator/1.3.0.17
    10330	VERBOSE   	ModuleLoader	XnModuleLoader.cpp	451	Found exported production node. Hands: PrimeSense/XnVHandTracker/1.3.0.17
    10360	VERBOSE   	ModuleLoader	XnModuleLoader.cpp	280	Checking /usr/lib/libXnVHandGenerator_1_3_1.so...
    10870	VERBOSE   	ModuleLoader	XnModuleLoader.cpp	451	Found exported production node. Gesture: PrimeSense/XnVGestureGenrator/1.3.1.8
    10918	VERBOSE   	ModuleLoader	XnModuleLoader.cpp	451	Found exported production node. Hands: PrimeSense/XnVHandTracker/1.3.1.8
    10947	VERBOSE   	ModuleLoader	XnModuleLoader.cpp	280	Checking /usr/lib/libXnVHandGenerator_1_4_1.so...
    11698	VERBOSE   	ModuleLoader	XnModuleLoader.cpp	451	Found exported production node. Gesture: PrimeSense/XnVGestureGenrator/1.4.1.2
    11749	VERBOSE   	ModuleLoader	XnModuleLoader.cpp	451	Found exported production node. Hands: PrimeSense/XnVHandTracker/1.4.1.2
    11779	VERBOSE   	ModuleLoader	XnModuleLoader.cpp	280	Checking /usr/lib/libXnVHandGenerator_1_4_2.so...
    12399	VERBOSE   	ModuleLoader	XnModuleLoader.cpp	451	Found exported production node. Gesture: PrimeSense/XnVGestureGenrator/1.4.2.5
    12556	VERBOSE   	ModuleLoader	XnModuleLoader.cpp	451	Found exported production node. Hands: PrimeSense/XnVHandTracker/1.4.2.5
    12608	VERBOSE   	ModuleLoader	XnModuleLoader.cpp	280	Checking /usr/lib/libXnVHandGenerator_1_5_2.so...
    13333	VERBOSE   	ModuleLoader	XnModuleLoader.cpp	451	Found exported production node. Gesture: PrimeSense/XnVGestureGenerator/1.5.2.21
    13378	VERBOSE   	ModuleLoader	XnModuleLoader.cpp	451	Found exported production node. Hands: PrimeSense/XnVHandTracker/1.5.2.21
    13525	INFO      	OpenNI	XnOpenNI.cpp	1608	Creating node 'Script1' of type Script: OpenNI/OpenNI/1.5.4.0...
    13720	VERBOSE   	OpenNI	XnXmlScriptNode.cpp	762	Requested to create a node of type Depth...
    13811	VERBOSE   	xnUSB	XnUSBLinux.cpp	107	Initializing USB...
    14075	INFO      	xnUSB	XnUSBLinux.cpp	121	USB is initialized.
    30789	INFO      	OpenNI	XnOpenNI.cpp	1608	Creating node 'Device1' of type Device: PrimeSense/SensorKinect/5.1.2.1...
    31709	WARNING   	xnOS	LinuxSysVNamedEvents.cpp	130	Open named event: failed to open key file (2) - event might not exist...
   206324	INFO      	DDK	XnProperty.cpp	144	Property Device.ShareMode was changed to 1.
   206485	INFO      	DDK	XnProperty.cpp	144	Property Device.ShareMode was changed to 0.
   206787	INFO      	OpenNI	XnOpenNI.cpp	1608	Creating node 'Depth1' of type Depth: PrimeSense/SensorKinect/5.1.2.1...
   206848	VERBOSE   	SensorClient	XnSensorClient.cpp	268	Creating stream Depth1 (of type Depth)
   208752	INFO      	DDK	XnProperty.cpp	144	Property Device.ReadData was changed to 1.
   224462	INFO      	DDK	XnDeviceBase.cpp	1342	Creating stream 'Depth1' of type 'Depth'...
   224574	VERBOSE   	DDK	XnDeviceBase.cpp	1378	Initializing stream 'Depth1'...
   224728	INFO      	DDK	XnProperty.cpp	144	Property Depth1.RequiredDataSize was changed to 1228800.
   226543	INFO      	DDK	XnProperty.cpp	144	Property Depth1.OutputFormat was changed to 1.
   226691	INFO      	DDK	XnDeviceBase.cpp	1417	Stream 'Depth1' was initialized.
   226730	INFO      	DDK	XnDeviceBase.cpp	1422	'Depth1' stream was created.
   227371	VERBOSE   	SensorClient	XnSensorClient.cpp	391	Getting property Depth1.SupportedModes from server...
   227894	VERBOSE   	SensorServer	XnSensorClient.cpp	433	Setting Depth1.Mirror to 1...
   228138	INFO      	DDK	XnProperty.cpp	144	Property Depth1.Mirror was changed to 1.
   228273	VERBOSE   	DDK	XnDeviceBase.cpp	330	Opening stream Depth1...
   229589	INFO      	DDK	XnProperty.cpp	144	Property Depth1.ActualReadData was changed to 1.
   316273	INFO      	DDK	XnProperty.cpp	144	Property Depth1.State was changed to 1.
   316355	INFO      	DDK	XnDeviceBase.cpp	341	Stream Depth1 is open.
  1012223	VERBOSE   	FPS	XnOpenNI.cpp	877	[FPS] Depth1 (I:  0.00, O:  0.00) ReadCalls:  0.00
  2015875	VERBOSE   	FPS	XnOpenNI.cpp	877	[FPS] Depth1 (I:  0.00, O:  0.00) ReadCalls:  0.00
  3015693	VERBOSE   	FPS	XnOpenNI.cpp	877	[FPS] Depth1 (I: 30.35, O:  0.00) ReadCalls:  0.00
  4015771	VERBOSE   	FPS	XnOpenNI.cpp	877	[FPS] Depth1 (I: 30.33, O:  0.00) ReadCalls:  0.00
  5019562	VERBOSE   	FPS	XnOpenNI.cpp	877	[FPS] Depth1 (I: 30.29, O:  0.00) ReadCalls:  0.00
  6019707	VERBOSE   	FPS	XnOpenNI.cpp	877	[FPS] Depth1 (I: 30.28, O:  0.00) ReadCalls:  0.00
  7019704	VERBOSE   	FPS	XnOpenNI.cpp	877	[FPS] Depth1 (I: 30.33, O:  0.00) ReadCalls:  0.00
  8019886	VERBOSE   	FPS	XnOpenNI.cpp	877	[FPS] Depth1 (I: 30.32, O:  0.00) ReadCalls:  0.00
  9023615	VERBOSE   	FPS	XnOpenNI.cpp	877	[FPS] Depth1 (I: 30.29, O:  0.00) ReadCalls:  0.00
 10023471	VERBOSE   	FPS	XnOpenNI.cpp	877	[FPS] Depth1 (I: 30.29, O:  0.00) ReadCalls:  0.00
 11023613	VERBOSE   	FPS	XnOpenNI.cpp	877	[FPS] Depth1 (I: 30.32, O:  0.00) ReadCalls:  0.00
 12023703	VERBOSE   	FPS	XnOpenNI.cpp	877	[FPS] Depth1 (I: 30.33, O:  0.00) ReadCalls:  0.00
 13027613	VERBOSE   	FPS	XnOpenNI.cpp	877	[FPS] Depth1 (I: 30.28, O:  0.00) ReadCalls:  0.00
 14027924	VERBOSE   	FPS	XnOpenNI.cpp	877	[FPS] Depth1 (I: 30.32, O:  0.00) ReadCalls:  0.00
 15027759	VERBOSE   	FPS	XnOpenNI.cpp	877	[FPS] Depth1 (I: 30.34, O:  0.00) ReadCalls:  0.00
 16031520	VERBOSE   	FPS	XnOpenNI.cpp	877	[FPS] Depth1 (I: 30.30, O:  0.00) ReadCalls:  0.00
 17031513	VERBOSE   	FPS	XnOpenNI.cpp	877	[FPS] Depth1 (I: 30.28, O:  0.00) ReadCalls:  0.00
 18032005	VERBOSE   	FPS	XnOpenNI.cpp	877	[FPS] Depth1 (I: 30.32, O:  0.00) ReadCalls:  0.00
 19031568	VERBOSE   	FPS	XnOpenNI.cpp	877	[FPS] Depth1 (I: 30.32, O:  0.00) ReadCalls:  0.00
 20035593	VERBOSE   	FPS	XnOpenNI.cpp	877	[FPS] Depth1 (I: 30.28, O:  0.00) ReadCalls:  0.00
 21003483	VERBOSE   	FPS	XnOpenNI.cpp	877	[FPS] Depth1 (I: 30.29, O:  0.00) ReadCalls:  0.00
 22003573	VERBOSE   	FPS	XnOpenNI.cpp	877	[FPS] Depth1 (I: 30.28, O:  0.00) ReadCalls:  0.00
 23003319	VERBOSE   	FPS	XnOpenNI.cpp	877	[FPS] Depth1 (I: 30.33, O:  0.00) ReadCalls:  0.00
 24003740	VERBOSE   	FPS	XnOpenNI.cpp	877	[FPS] Depth1 (I: 30.32, O:  0.00) ReadCalls:  0.00
 25007449	VERBOSE   	FPS	XnOpenNI.cpp	877	[FPS] Depth1 (I: 30.29, O:  0.00) ReadCalls:  0.00
 26007426	VERBOSE   	FPS	XnOpenNI.cpp	877	[FPS] Depth1 (I: 30.28, O:  0.00) ReadCalls:  0.00
 27007622	VERBOSE   	FPS	XnOpenNI.cpp	877	[FPS] Depth1 (I: 30.32, O:  0.00) ReadCalls:  0.00
 28008104	VERBOSE   	FPS	XnOpenNI.cpp	877	[FPS] Depth1 (I: 30.32, O:  0.00) ReadCalls:  0.00
 29011476	VERBOSE   	FPS	XnOpenNI.cpp	877	[FPS] Depth1 (I: 30.28, O:  0.00) ReadCalls:  0.00
 30011634	VERBOSE   	FPS	XnOpenNI.cpp	877	[FPS] Depth1 (I: 30.32, O:  0.00) ReadCalls:  0.00
 31011683	VERBOSE   	FPS	XnOpenNI.cpp	877	[FPS] Depth1 (I: 30.32, O:  0.00) ReadCalls:  0.00
 32015387	VERBOSE   	FPS	XnOpenNI.cpp	877	[FPS] Depth1 (I: 30.28, O:  0.00) ReadCalls:  0.00
 33015401	VERBOSE   	FPS	XnOpenNI.cpp	877	[FPS] Depth1 (I: 30.29, O:  0.00) ReadCalls:  0.00
 34015492	VERBOSE   	FPS	XnOpenNI.cpp	877	[FPS] Depth1 (I: 30.32, O:  0.00) ReadCalls:  0.00
 35015930	VERBOSE   	FPS	XnOpenNI.cpp	877	[FPS] Depth1 (I: 30.32, O:  0.00) ReadCalls:  0.00
 36019518	VERBOSE   	FPS	XnOpenNI.cpp	877	[FPS] Depth1 (I: 30.28, O:  0.00) ReadCalls:  0.00
 37019654	VERBOSE   	FPS	XnOpenNI.cpp	877	[FPS] Depth1 (I: 30.28, O:  0.00) ReadCalls:  0.00
 38019380	VERBOSE   	FPS	XnOpenNI.cpp	877	[FPS] Depth1 (I: 30.32, O:  0.00) ReadCalls:  0.00
 39020032	VERBOSE   	FPS	XnOpenNI.cpp	877	[FPS] Depth1 (I: 30.32, O:  0.00) ReadCalls:  0.00
 40023304	VERBOSE   	FPS	XnOpenNI.cpp	877	[FPS] Depth1 (I: 30.29, O:  0.00) ReadCalls:  0.00
 41023512	VERBOSE   	FPS	XnOpenNI.cpp	877	[FPS] Depth1 (I: 30.32, O:  0.00) ReadCalls:  0.00
 42023818	VERBOSE   	FPS	XnOpenNI.cpp	877	[FPS] Depth1 (I: 30.32, O:  0.00) ReadCalls:  0.00
 43027379	VERBOSE   	FPS	XnOpenNI.cpp	877	[FPS] Depth1 (I: 30.28, O:  0.00) ReadCalls:  0.00
 44027488	VERBOSE   	FPS	XnOpenNI.cpp	877	[FPS] Depth1 (I: 30.28, O:  0.00) ReadCalls:  0.00
 45027177	VERBOSE   	FPS	XnOpenNI.cpp	877	[FPS] Depth1 (I: 30.32, O:  0.00) ReadCalls:  0.00
 46027430	VERBOSE   	FPS	XnOpenNI.cpp	877	[FPS] Depth1 (I: 30.32, O:  0.00) ReadCalls:  0.00
 47031231	VERBOSE   	FPS	XnOpenNI.cpp	877	[FPS] Depth1 (I: 30.29, O:  0.00) ReadCalls:  0.00
 48031350	VERBOSE   	FPS	XnOpenNI.cpp	877	[FPS] Depth1 (I: 30.28, O:  0.00) ReadCalls:  0.00
 49031686	VERBOSE   	FPS	XnOpenNI.cpp	877	[FPS] Depth1 (I: 30.32, O:  0.00) ReadCalls:  0.00
 50031740	VERBOSE   	FPS	XnOpenNI.cpp	877	[FPS] Depth1 (I: 30.32, O:  0.00) ReadCalls:  0.00
 51035459	VERBOSE   	FPS	XnOpenNI.cpp	877	[FPS] Depth1 (I: 30.28, O:  0.00) ReadCalls:  0.00
 52003357	VERBOSE   	FPS	XnOpenNI.cpp	877	[FPS] Depth1 (I: 30.29, O:  0.00) ReadCalls:  0.00
 53003295	VERBOSE   	FPS	XnOpenNI.cpp	877	[FPS] Depth1 (I: 30.29, O:  0.00) ReadCalls:  0.00
 54003449	VERBOSE   	FPS	XnOpenNI.cpp	877	[FPS] Depth1 (I: 30.32, O:  0.00) ReadCalls:  0.00
 55003463	VERBOSE   	FPS	XnOpenNI.cpp	877	[FPS] Depth1 (I: 30.32, O:  0.00) ReadCalls:  0.00
 56007360	VERBOSE   	FPS	XnOpenNI.cpp	877	[FPS] Depth1 (I: 30.28, O:  0.00) ReadCalls:  0.00
 57007397	VERBOSE   	FPS	XnOpenNI.cpp	877	[FPS] Depth1 (I: 30.32, O:  0.00) ReadCalls:  0.00
 58007542	VERBOSE   	FPS	XnOpenNI.cpp	877	[FPS] Depth1 (I: 30.32, O:  0.00) ReadCalls:  0.00
 59011175	VERBOSE   	FPS	XnOpenNI.cpp	877	[FPS] Depth1 (I: 30.28, O:  0.00) ReadCalls:  0.00
 60011235	VERBOSE   	FPS	XnOpenNI.cpp	877	[FPS] Depth1 (I: 30.28, O:  0.00) ReadCalls:  0.00
 61011436	VERBOSE   	FPS	XnOpenNI.cpp	877	[FPS] Depth1 (I: 30.32, O:  0.00) ReadCalls:  0.00
 62011401	VERBOSE   	FPS	XnOpenNI.cpp	877	[FPS] Depth1 (I: 30.32, O:  0.00) ReadCalls:  0.00
 63015137	VERBOSE   	FPS	XnOpenNI.cpp	877	[FPS] Depth1 (I: 30.29, O:  0.00) ReadCalls:  0.00
 64015515	VERBOSE   	FPS	XnOpenNI.cpp	877	[FPS] Depth1 (I: 30.29, O:  0.00) ReadCalls:  0.00
 65015386	VERBOSE   	FPS	XnOpenNI.cpp	877	[FPS] Depth1 (I: 30.32, O:  0.00) ReadCalls:  0.00
 66015468	VERBOSE   	FPS	XnOpenNI.cpp	877	[FPS] Depth1 (I: 30.32, O:  0.00) ReadCalls:  0.00
 67019247	VERBOSE   	FPS	XnOpenNI.cpp	877	[FPS] Depth1 (I: 30.28, O:  0.00) ReadCalls:  0.00
 68019448	VERBOSE   	FPS	XnOpenNI.cpp	877	[FPS] Depth1 (I: 30.32, O:  0.00) ReadCalls:  0.00
 69019196	VERBOSE   	FPS	XnOpenNI.cpp	877	[FPS] Depth1 (I: 30.32, O:  0.00) ReadCalls:  0.00
 70023078	VERBOSE   	FPS	XnOpenNI.cpp	877	[FPS] Depth1 (I: 30.29, O:  0.00) ReadCalls:  0.00
 71023551	VERBOSE   	FPS	XnOpenNI.cpp	877	[FPS] Depth1 (I: 30.28, O:  0.00) ReadCalls:  0.00
 72023281	VERBOSE   	FPS	XnOpenNI.cpp	877	[FPS] Depth1 (I: 30.32, O:  0.00) ReadCalls:  0.00
 73023368	VERBOSE   	FPS	XnOpenNI.cpp	877	[FPS] Depth1 (I: 30.32, O:  0.00) ReadCalls:  0.00
 74027306	VERBOSE   	FPS	XnOpenNI.cpp	877	[FPS] Depth1 (I: 30.28, O:  0.00) ReadCalls:  0.00
 75027100	VERBOSE   	FPS	XnOpenNI.cpp	877	[FPS] Depth1 (I: 30.28, O:  0.00) ReadCalls:  0.00
 76027228	VERBOSE   	FPS	XnOpenNI.cpp	877	[FPS] Depth1 (I: 30.32, O:  0.00) ReadCalls:  0.00
 77027282	VERBOSE   	FPS	XnOpenNI.cpp	877	[FPS] Depth1 (I: 30.32, O:  0.00) ReadCalls:  0.00
 78031246	VERBOSE   	FPS	XnOpenNI.cpp	877	[FPS] Depth1 (I: 30.28, O:  0.00) ReadCalls:  0.00
 79031069	VERBOSE   	FPS	XnOpenNI.cpp	877	[FPS] Depth1 (I: 30.33, O:  0.00) ReadCalls:  0.00
 80031452	VERBOSE   	FPS	XnOpenNI.cpp	877	[FPS] Depth1 (I: 30.32, O:  0.00) ReadCalls:  0.00
 81035031	VERBOSE   	FPS	XnOpenNI.cpp	877	[FPS] Depth1 (I: 30.28, O:  0.00) ReadCalls:  0.00
 82035102	VERBOSE   	FPS	XnOpenNI.cpp	877	[FPS] Depth1 (I: 30.28, O:  0.00) ReadCalls:  0.00
 83003054	VERBOSE   	FPS	XnOpenNI.cpp	877	[FPS] Depth1 (I: 30.29, O:  0.00) ReadCalls:  0.00
 84003109	VERBOSE   	FPS	XnOpenNI.cpp	877	[FPS] Depth1 (I: 30.32, O:  0.00) ReadCalls:  0.00
 85003182	VERBOSE   	FPS	XnOpenNI.cpp	877	[FPS] Depth1 (I: 30.32, O:  0.00) ReadCalls:  0.00
 86007231	VERBOSE   	FPS	XnOpenNI.cpp	877	[FPS] Depth1 (I: 30.28, O:  0.00) ReadCalls:  0.00
 87006876	VERBOSE   	FPS	XnOpenNI.cpp	877	[FPS] Depth1 (I: 30.29, O:  0.00) ReadCalls:  0.00
 88006982	VERBOSE   	FPS	XnOpenNI.cpp	877	[FPS] Depth1 (I: 30.33, O:  0.00) ReadCalls:  0.00
 89007517	VERBOSE   	FPS	XnOpenNI.cpp	877	[FPS] Depth1 (I: 30.32, O:  0.00) ReadCalls:  0.00
 90010883	VERBOSE   	FPS	XnOpenNI.cpp	877	[FPS] Depth1 (I: 30.28, O:  0.00) ReadCalls:  0.00
 91011355	VERBOSE   	FPS	XnOpenNI.cpp	877	[FPS] Depth1 (I: 30.28, O:  0.00) ReadCalls:  0.00
 92011261	VERBOSE   	FPS	XnOpenNI.cpp	877	[FPS] Depth1 (I: 30.32, O:  0.00) ReadCalls:  0.00
 93011285	VERBOSE   	FPS	XnOpenNI.cpp	877	[FPS] Depth1 (I: 30.32, O:  0.00) ReadCalls:  0.00
 94014926	VERBOSE   	FPS	XnOpenNI.cpp	877	[FPS] Depth1 (I: 30.28, O:  0.00) ReadCalls:  0.00
 95015121	VERBOSE   	FPS	XnOpenNI.cpp	877	[FPS] Depth1 (I: 30.32, O:  0.00) ReadCalls:  0.00
 96015101	VERBOSE   	FPS	XnOpenNI.cpp	877	[FPS] Depth1 (I: 30.32, O:  0.00) ReadCalls:  0.00
 97019173	VERBOSE   	FPS	XnOpenNI.cpp	877	[FPS] Depth1 (I: 30.28, O:  0.00) ReadCalls:  0.00
 98019175	VERBOSE   	FPS	XnOpenNI.cpp	877	[FPS] Depth1 (I: 30.29, O:  0.00) ReadCalls:  0.00
 99018982	VERBOSE   	FPS	XnOpenNI.cpp	877	[FPS] Depth1 (I: 30.32, O:  0.00) ReadCalls:  0.00
100019119	VERBOSE   	FPS	XnOpenNI.cpp	877	[FPS] Depth1 (I: 30.32, O:  0.00) ReadCalls:  0.00
101023115	VERBOSE   	FPS	XnOpenNI.cpp	877	[FPS] Depth1 (I: 30.28, O:  0.00) ReadCalls:  0.00
102023021	VERBOSE   	FPS	XnOpenNI.cpp	877	[FPS] Depth1 (I: 30.28, O:  0.00) ReadCalls:  0.00
103023165	VERBOSE   	FPS	XnOpenNI.cpp	877	[FPS] Depth1 (I: 30.32, O:  0.00) ReadCalls:  0.00
104023082	VERBOSE   	FPS	XnOpenNI.cpp	877	[FPS] Depth1 (I: 30.33, O:  0.00) ReadCalls:  0.00
105027051	VERBOSE   	FPS	XnOpenNI.cpp	877	[FPS] Depth1 (I: 30.28, O:  0.00) ReadCalls:  0.00
106026865	VERBOSE   	FPS	XnOpenNI.cpp	877	[FPS] Depth1 (I: 30.29, O:  0.00) ReadCalls:  0.00
107027293	VERBOSE   	FPS	XnOpenNI.cpp	877	[FPS] Depth1 (I: 30.32, O:  0.00) ReadCalls:  0.00
108031010	VERBOSE   	FPS	XnOpenNI.cpp	877	[FPS] Depth1 (I: 30.28, O:  0.00) ReadCalls:  0.00
109031065	VERBOSE   	FPS	XnOpenNI.cpp	877	[FPS] Depth1 (I: 30.28, O:  0.00) ReadCalls:  0.00
110031073	VERBOSE   	FPS	XnOpenNI.cpp	877	[FPS] Depth1 (I: 30.32, O:  0.00) ReadCalls:  0.00
111031140	VERBOSE   	FPS	XnOpenNI.cpp	877	[FPS] Depth1 (I: 30.32, O:  0.00) ReadCalls:  0.00
112034806	VERBOSE   	FPS	XnOpenNI.cpp	877	[FPS] Depth1 (I: 30.29, O:  0.00) ReadCalls:  0.00
113003006	VERBOSE   	FPS	XnOpenNI.cpp	877	[FPS] Depth1 (I: 30.28, O:  0.00) ReadCalls:  0.00
114002950	VERBOSE   	FPS	XnOpenNI.cpp	877	[FPS] Depth1 (I: 30.28, O:  0.00) ReadCalls:  0.00
115002952	VERBOSE   	FPS	XnOpenNI.cpp	877	[FPS] Depth1 (I: 30.32, O:  0.00) ReadCalls:  0.00
116003008	VERBOSE   	FPS	XnOpenNI.cpp	877	[FPS] Depth1 (I: 30.32, O:  0.00) ReadCalls:  0.00
117006846	VERBOSE   	FPS	XnOpenNI.cpp	877	[FPS] Depth1 (I: 30.29, O:  0.00) ReadCalls:  0.00
118006899	VERBOSE   	FPS	XnOpenNI.cpp	877	[FPS] Depth1 (I: 30.28, O:  0.00) ReadCalls:  0.00
119007048	VERBOSE   	FPS	XnOpenNI.cpp	877	[FPS] Depth1 (I: 30.32, O:  0.00) ReadCalls:  0.00
120007451	VERBOSE   	FPS	XnOpenNI.cpp	877	[FPS] Depth1 (I: 30.32, O:  0.00) ReadCalls:  0.00
121010765	VERBOSE   	FPS	XnOpenNI.cpp	877	[FPS] Depth1 (I: 30.29, O:  0.00) ReadCalls:  0.00
122011087	VERBOSE   	FPS	XnOpenNI.cpp	877	[FPS] Depth1 (I: 30.28, O:  0.00) ReadCalls:  0.00
123010951	VERBOSE   	FPS	XnOpenNI.cpp	877	[FPS] Depth1 (I: 30.32, O:  0.00) ReadCalls:  0.00
124014617	VERBOSE   	FPS	XnOpenNI.cpp	877	[FPS] Depth1 (I: 30.29, O:  0.00) ReadCalls:  0.00
125014893	VERBOSE   	FPS	XnOpenNI.cpp	877	[FPS] Depth1 (I: 30.28, O:  0.00) ReadCalls:  0.00
126014749	VERBOSE   	FPS	XnOpenNI.cpp	877	[FPS] Depth1 (I: 30.32, O:  0.00) ReadCalls:  0.00
127014874	VERBOSE   	FPS	XnOpenNI.cpp	877	[FPS] Depth1 (I: 30.32, O:  0.00) ReadCalls:  0.00
128018695	VERBOSE   	FPS	XnOpenNI.cpp	877	[FPS] Depth1 (I: 30.28, O:  0.00) ReadCalls:  0.00
129018881	VERBOSE   	FPS	XnOpenNI.cpp	877	[FPS] Depth1 (I: 30.29, O:  0.00) ReadCalls:  0.00
130018916	VERBOSE   	FPS	XnOpenNI.cpp	877	[FPS] Depth1 (I: 30.32, O:  0.00) ReadCalls:  0.00
131018909	VERBOSE   	FPS	XnOpenNI.cpp	877	[FPS] Depth1 (I: 30.32, O:  0.00) ReadCalls:  0.00
132022758	VERBOSE   	FPS	XnOpenNI.cpp	877	[FPS] Depth1 (I: 30.31, O:  0.00) ReadCalls:  0.00
133022819	VERBOSE   	FPS	XnOpenNI.cpp	877	[FPS] Depth1 (I: 30.29, O:  0.00) ReadCalls:  0.00
134022810	VERBOSE   	FPS	XnOpenNI.cpp	877	[FPS] Depth1 (I: 30.32, O:  0.00) ReadCalls:  0.00
135022951	VERBOSE   	FPS	XnOpenNI.cpp	877	[FPS] Depth1 (I: 30.32, O:  0.00) ReadCalls:  0.00
136026614	VERBOSE   	FPS	XnOpenNI.cpp	877	[FPS] Depth1 (I: 30.29, O:  0.00) ReadCalls:  0.00
137026913	VERBOSE   	FPS	XnOpenNI.cpp	877	[FPS] Depth1 (I: 30.32, O:  0.00) ReadCalls:  0.00
138027001	VERBOSE   	FPS	XnOpenNI.cpp	877	[FPS] Depth1 (I: 30.32, O:  0.00) ReadCalls:  0.00
139030771	VERBOSE   	FPS	XnOpenNI.cpp	877	[FPS] Depth1 (I: 30.28, O:  0.00) ReadCalls:  0.00
140030634	VERBOSE   	FPS	XnOpenNI.cpp	877	[FPS] Depth1 (I: 30.29, O:  0.00) ReadCalls:  0.00
141031070	VERBOSE   	FPS	XnOpenNI.cpp	877	[FPS] Depth1 (I: 30.32, O:  0.00) ReadCalls:  0.00
142030807	VERBOSE   	FPS	XnOpenNI.cpp	877	[FPS] Depth1 (I: 30.32, O:  0.00) ReadCalls:  0.00
143034627	VERBOSE   	FPS	XnOpenNI.cpp	877	[FPS] Depth1 (I: 30.28, O:  0.00) ReadCalls:  0.00
144002778	VERBOSE   	FPS	XnOpenNI.cpp	877	[FPS] Depth1 (I: 30.29, O:  0.00) ReadCalls:  0.00
145002620	VERBOSE   	FPS	XnOpenNI.cpp	877	[FPS] Depth1 (I: 30.28, O:  0.00) ReadCalls:  0.00
146002788	VERBOSE   	FPS	XnOpenNI.cpp	877	[FPS] Depth1 (I: 30.32, O:  0.00) ReadCalls:  0.00
147002991	VERBOSE   	FPS	XnOpenNI.cpp	877	[FPS] Depth1 (I: 30.32, O:  0.00) ReadCalls:  0.00
148006739	VERBOSE   	FPS	XnOpenNI.cpp	877	[FPS] Depth1 (I: 30.28, O:  0.00) ReadCalls:  0.00
149006537	VERBOSE   	FPS	XnOpenNI.cpp	877	[FPS] Depth1 (I: 30.28, O:  0.00) ReadCalls:  0.00
150006792	VERBOSE   	FPS	XnOpenNI.cpp	877	[FPS] Depth1 (I: 30.32, O:  0.00) ReadCalls:  0.00
151010615	VERBOSE   	FPS	XnOpenNI.cpp	877	[FPS] Depth1 (I: 30.29, O:  0.00) ReadCalls:  0.00
152010713	VERBOSE   	FPS	XnOpenNI.cpp	877	[FPS] Depth1 (I: 30.29, O:  0.00) ReadCalls:  0.00
153010729	VERBOSE   	FPS	XnOpenNI.cpp	877	[FPS] Depth1 (I: 30.32, O:  0.00) ReadCalls:  0.00
154010732	VERBOSE   	FPS	XnOpenNI.cpp	877	[FPS] Depth1 (I: 30.32, O:  0.00) ReadCalls:  0.00
155014865	VERBOSE   	FPS	XnOpenNI.cpp	877	[FPS] Depth1 (I: 30.28, O:  0.00) ReadCalls:  0.00
156014716	VERBOSE   	FPS	XnOpenNI.cpp	877	[FPS] Depth1 (I: 30.28, O:  0.00) ReadCalls:  0.00
157014603	VERBOSE   	FPS	XnOpenNI.cpp	877	[FPS] Depth1 (I: 30.33, O:  0.00) ReadCalls:  0.00
158015138	VERBOSE   	FPS	XnOpenNI.cpp	877	[FPS] Depth1 (I: 30.32, O:  0.00) ReadCalls:  0.00
159018661	VERBOSE   	FPS	XnOpenNI.cpp	877	[FPS] Depth1 (I: 30.28, O:  0.00) ReadCalls:  0.00
160018689	VERBOSE   	FPS	XnOpenNI.cpp	877	[FPS] Depth1 (I: 30.29, O:  0.00) ReadCalls:  0.00
161018532	VERBOSE   	FPS	XnOpenNI.cpp	877	[FPS] Depth1 (I: 30.32, O:  0.00) ReadCalls:  0.00
162018734	VERBOSE   	FPS	XnOpenNI.cpp	877	[FPS] Depth1 (I: 30.32, O:  0.00) ReadCalls:  0.00
163022336	VERBOSE   	FPS	XnOpenNI.cpp	877	[FPS] Depth1 (I: 30.29, O:  0.00) ReadCalls:  0.00
164022711	VERBOSE   	FPS	XnOpenNI.cpp	877	[FPS] Depth1 (I: 30.32, O:  0.00) ReadCalls:  0.00
165022671	VERBOSE   	FPS	XnOpenNI.cpp	877	[FPS] Depth1 (I: 30.32, O:  0.00) ReadCalls:  0.00
166026544	VERBOSE   	FPS	XnOpenNI.cpp	877	[FPS] Depth1 (I: 30.28, O:  0.00) ReadCalls:  0.00
167026540	VERBOSE   	FPS	XnOpenNI.cpp	877	[FPS] Depth1 (I: 30.28, O:  0.00) ReadCalls:  0.00
168026432	VERBOSE   	FPS	XnOpenNI.cpp	877	[FPS] Depth1 (I: 30.32, O:  0.00) ReadCalls:  0.00
169026438	VERBOSE   	FPS	XnOpenNI.cpp	877	[FPS] Depth1 (I: 30.33, O:  0.00) ReadCalls:  0.00
170030286	VERBOSE   	FPS	XnOpenNI.cpp	877	[FPS] Depth1 (I: 30.29, O:  0.00) ReadCalls:  0.00
171030523	VERBOSE   	FPS	XnOpenNI.cpp	877	[FPS] Depth1 (I: 30.28, O:  0.00) ReadCalls:  0.00
172030889	VERBOSE   	FPS	XnOpenNI.cpp	877	[FPS] Depth1 (I: 30.32, O:  0.00) ReadCalls:  0.00
173030560	VERBOSE   	FPS	XnOpenNI.cpp	877	[FPS] Depth1 (I: 30.32, O:  0.00) ReadCalls:  0.00
174034773	VERBOSE   	FPS	XnOpenNI.cpp	877	[FPS] Depth1 (I: 30.28, O:  0.00) ReadCalls:  0.00
175002811	VERBOSE   	FPS	XnOpenNI.cpp	877	[FPS] Depth1 (I: 30.28, O:  0.00) ReadCalls:  0.00
176002711	VERBOSE   	FPS	XnOpenNI.cpp	877	[FPS] Depth1 (I: 30.28, O:  0.00) ReadCalls:  0.00
177002659	VERBOSE   	FPS	XnOpenNI.cpp	877	[FPS] Depth1 (I: 30.32, O:  0.00) ReadCalls:  0.00
178002611	VERBOSE   	FPS	XnOpenNI.cpp	877	[FPS] Depth1 (I: 30.33, O:  0.00) ReadCalls:  0.00
179006322	VERBOSE   	FPS	XnOpenNI.cpp	877	[FPS] Depth1 (I: 30.28, O:  0.00) ReadCalls:  0.00
180006455	VERBOSE   	FPS	XnOpenNI.cpp	877	[FPS] Depth1 (I: 30.32, O:  0.00) ReadCalls:  0.00
181006492	VERBOSE   	FPS	XnOpenNI.cpp	877	[FPS] Depth1 (I: 30.33, O:  0.00) ReadCalls:  0.00
182010411	VERBOSE   	FPS	XnOpenNI.cpp	877	[FPS] Depth1 (I: 30.28, O:  0.00) ReadCalls:  0.00
183010550	VERBOSE   	FPS	XnOpenNI.cpp	877	[FPS] Depth1 (I: 30.28, O:  0.00) ReadCalls:  0.00
184010585	VERBOSE   	FPS	XnOpenNI.cpp	877	[FPS] Depth1 (I: 30.32, O:  0.00) ReadCalls:  0.00
185010395	VERBOSE   	FPS	XnOpenNI.cpp	877	[FPS] Depth1 (I: 30.33, O:  0.00) ReadCalls:  0.00
186014323	VERBOSE   	FPS	XnOpenNI.cpp	877	[FPS] Depth1 (I: 30.29, O:  0.00) ReadCalls:  0.00
187014499	VERBOSE   	FPS	XnOpenNI.cpp	877	[FPS] Depth1 (I: 30.29, O:  0.00) ReadCalls:  0.00
188014407	VERBOSE   	FPS	XnOpenNI.cpp	877	[FPS] Depth1 (I: 30.33, O:  0.00) ReadCalls:  0.00
189014746	VERBOSE   	FPS	XnOpenNI.cpp	877	[FPS] Depth1 (I: 30.32, O:  0.00) ReadCalls:  0.00
190018373	VERBOSE   	FPS	XnOpenNI.cpp	877	[FPS] Depth1 (I: 30.29, O:  0.00) ReadCalls:  0.00
191018356	VERBOSE   	FPS	XnOpenNI.cpp	877	[FPS] Depth1 (I: 30.32, O:  0.00) ReadCalls:  0.00
192018523	VERBOSE   	FPS	XnOpenNI.cpp	877	[FPS] Depth1 (I: 30.32, O:  0.00) ReadCalls:  0.00
193022810	VERBOSE   	FPS	XnOpenNI.cpp	877	[FPS] Depth1 (I: 30.28, O:  0.00) ReadCalls:  0.00
194022274	VERBOSE   	FPS	XnOpenNI.cpp	877	[FPS] Depth1 (I: 30.28, O:  0.00) ReadCalls:  0.00
195022417	VERBOSE   	FPS	XnOpenNI.cpp	877	[FPS] Depth1 (I: 30.32, O:  0.00) ReadCalls:  0.00
196022698	VERBOSE   	FPS	XnOpenNI.cpp	877	[FPS] Depth1 (I: 30.32, O:  0.00) ReadCalls:  0.00
197026259	VERBOSE   	FPS	XnOpenNI.cpp	877	[FPS] Depth1 (I: 30.28, O:  0.00) ReadCalls:  0.00
198029369	VERBOSE   	FPS	XnOpenNI.cpp	877	[FPS] Depth1 (I: 30.25, O:  0.00) ReadCalls:  0.00
199026335	VERBOSE   	FPS	XnOpenNI.cpp	877	[FPS] Depth1 (I: 30.32, O:  0.00) ReadCalls:  0.00
200028165	VERBOSE   	FPS	XnOpenNI.cpp	877	[FPS] Depth1 (I: 30.31, O:  0.00) ReadCalls:  0.00
201030381	VERBOSE   	FPS	XnOpenNI.cpp	877	[FPS] Depth1 (I: 30.28, O:  0.00) ReadCalls:  0.00
202030422	VERBOSE   	FPS	XnOpenNI.cpp	877	[FPS] Depth1 (I: 30.32, O:  0.00) ReadCalls:  0.00
